{"meta": {"format": 3, "version": "7.11.0", "timestamp": "2025-11-04T16:44:26.344417", "branch_coverage": false, "show_contexts": false}, "files": {"src/agents/clinical_researcher.py": {"executed_lines": [1, 6, 7, 8, 9, 10, 11, 12, 13, 14, 16, 18, 19, 21, 22, 23, 24, 25, 32, 33, 34, 99, 113, 176, 205, 234, 263, 292, 321, 334], "summary": {"covered_lines": 28, "num_statements": 86, "percent_covered": 32.55813953488372, "percent_covered_display": "33", "missing_lines": 58, "excluded_lines": 0}, "missing_lines": [101, 102, 108, 109, 110, 111, 115, 117, 123, 124, 125, 128, 131, 137, 139, 148, 166, 170, 172, 173, 174, 178, 179, 198, 199, 201, 202, 203, 207, 208, 227, 228, 230, 231, 232, 236, 237, 256, 257, 259, 260, 261, 265, 266, 285, 286, 288, 289, 290, 294, 295, 314, 315, 317, 318, 319, 323, 336], "excluded_lines": [], "functions": {"ClinicalResearcherAgent.__init__": {"executed_lines": [22, 23, 24, 25, 32, 33, 34], "summary": {"covered_lines": 7, "num_statements": 7, "percent_covered": 100.0, "percent_covered_display": "100", "missing_lines": 0, "excluded_lines": 0}, "missing_lines": [], "excluded_lines": []}, "ClinicalResearcherAgent.initialize": {"executed_lines": [], "summary": {"covered_lines": 0, "num_statements": 6, "percent_covered": 0.0, "percent_covered_display": "0", "missing_lines": 6, "excluded_lines": 0}, "missing_lines": [101, 102, 108, 109, 110, 111], "excluded_lines": []}, "ClinicalResearcherAgent.process_query": {"executed_lines": [], "summary": {"covered_lines": 0, "num_statements": 15, "percent_covered": 0.0, "percent_covered_display": "0", "missing_lines": 15, "excluded_lines": 0}, "missing_lines": [115, 117, 123, 124, 125, 128, 131, 137, 139, 148, 166, 170, 172, 173, 174], "excluded_lines": []}, "ClinicalResearcherAgent.design_clinical_trial": {"executed_lines": [], "summary": {"covered_lines": 0, "num_statements": 7, "percent_covered": 0.0, "percent_covered_display": "0", "missing_lines": 7, "excluded_lines": 0}, "missing_lines": [178, 179, 198, 199, 201, 202, 203], "excluded_lines": []}, "ClinicalResearcherAgent.analyze_clinical_data": {"executed_lines": [], "summary": {"covered_lines": 0, "num_statements": 7, "percent_covered": 0.0, "percent_covered_display": "0", "missing_lines": 7, "excluded_lines": 0}, "missing_lines": [207, 208, 227, 228, 230, 231, 232], "excluded_lines": []}, "ClinicalResearcherAgent.develop_monitoring_plan": {"executed_lines": [], "summary": {"covered_lines": 0, "num_statements": 7, "percent_covered": 0.0, "percent_covered_display": "0", "missing_lines": 7, "excluded_lines": 0}, "missing_lines": [236, 237, 256, 257, 259, 260, 261], "excluded_lines": []}, "ClinicalResearcherAgent.assess_trial_risks": {"executed_lines": [], "summary": {"covered_lines": 0, "num_statements": 7, "percent_covered": 0.0, "percent_covered_display": "0", "missing_lines": 7, "excluded_lines": 0}, "missing_lines": [265, 266, 285, 286, 288, 289, 290], "excluded_lines": []}, "ClinicalResearcherAgent.develop_data_management_plan": {"executed_lines": [], "summary": {"covered_lines": 0, "num_statements": 7, "percent_covered": 0.0, "percent_covered_display": "0", "missing_lines": 7, "excluded_lines": 0}, "missing_lines": [294, 295, 314, 315, 317, 318, 319], "excluded_lines": []}, "ClinicalResearcherAgent.get_capabilities": {"executed_lines": [], "summary": {"covered_lines": 0, "num_statements": 1, "percent_covered": 0.0, "percent_covered_display": "0", "missing_lines": 1, "excluded_lines": 0}, "missing_lines": [323], "excluded_lines": []}, "ClinicalResearcherAgent.get_specialties": {"executed_lines": [], "summary": {"covered_lines": 0, "num_statements": 1, "percent_covered": 0.0, "percent_covered_display": "0", "missing_lines": 1, "excluded_lines": 0}, "missing_lines": [336], "excluded_lines": []}, "": {"executed_lines": [1, 6, 7, 8, 9, 10, 11, 12, 13, 14, 16, 18, 19, 21, 99, 113, 176, 205, 234, 263, 292, 321, 334], "summary": {"covered_lines": 21, "num_statements": 21, "percent_covered": 100.0, "percent_covered_display": "100", "missing_lines": 0, "excluded_lines": 0}, "missing_lines": [], "excluded_lines": []}}, "classes": {"ClinicalResearcherAgent": {"executed_lines": [22, 23, 24, 25, 32, 33, 34], "summary": {"covered_lines": 7, "num_statements": 65, "percent_covered": 10.76923076923077, "percent_covered_display": "11", "missing_lines": 58, "excluded_lines": 0}, "missing_lines": [101, 102, 108, 109, 110, 111, 115, 117, 123, 124, 125, 128, 131, 137, 139, 148, 166, 170, 172, 173, 174, 178, 179, 198, 199, 201, 202, 203, 207, 208, 227, 228, 230, 231, 232, 236, 237, 256, 257, 259, 260, 261, 265, 266, 285, 286, 288, 289, 290, 294, 295, 314, 315, 317, 318, 319, 323, 336], "excluded_lines": []}, "": {"executed_lines": [1, 6, 7, 8, 9, 10, 11, 12, 13, 14, 16, 18, 19, 21, 99, 113, 176, 205, 234, 263, 292, 321, 334], "summary": {"covered_lines": 21, "num_statements": 21, "percent_covered": 100.0, "percent_covered_display": "100", "missing_lines": 0, "excluded_lines": 0}, "missing_lines": [], "excluded_lines": []}}}, "src/agents/medical_specialist.py": {"executed_lines": [1, 6, 7, 8, 9, 10, 11, 12, 13, 14, 16, 18, 19, 21, 22, 23, 24, 25, 31, 32, 33, 79, 93, 156, 182, 206, 231, 244], "summary": {"covered_lines": 26, "num_statements": 70, "percent_covered": 37.142857142857146, "percent_covered_display": "37", "missing_lines": 44, "excluded_lines": 0}, "missing_lines": [81, 82, 88, 89, 90, 91, 95, 97, 103, 104, 105, 108, 111, 117, 119, 128, 146, 150, 152, 153, 154, 158, 159, 175, 176, 178, 179, 180, 184, 185, 199, 200, 202, 203, 204, 208, 209, 224, 225, 227, 228, 229, 233, 246], "excluded_lines": [], "functions": {"MedicalSpecialistAgent.__init__": {"executed_lines": [22, 23, 24, 25, 31, 32, 33], "summary": {"covered_lines": 7, "num_statements": 7, "percent_covered": 100.0, "percent_covered_display": "100", "missing_lines": 0, "excluded_lines": 0}, "missing_lines": [], "excluded_lines": []}, "MedicalSpecialistAgent.initialize": {"executed_lines": [], "summary": {"covered_lines": 0, "num_statements": 6, "percent_covered": 0.0, "percent_covered_display": "0", "missing_lines": 6, "excluded_lines": 0}, "missing_lines": [81, 82, 88, 89, 90, 91], "excluded_lines": []}, "MedicalSpecialistAgent.process_query": {"executed_lines": [], "summary": {"covered_lines": 0, "num_statements": 15, "percent_covered": 0.0, "percent_covered_display": "0", "missing_lines": 15, "excluded_lines": 0}, "missing_lines": [95, 97, 103, 104, 105, 108, 111, 117, 119, 128, 146, 150, 152, 153, 154], "excluded_lines": []}, "MedicalSpecialistAgent.generate_clinical_protocol": {"executed_lines": [], "summary": {"covered_lines": 0, "num_statements": 7, "percent_covered": 0.0, "percent_covered_display": "0", "missing_lines": 7, "excluded_lines": 0}, "missing_lines": [158, 159, 175, 176, 178, 179, 180], "excluded_lines": []}, "MedicalSpecialistAgent.review_regulatory_document": {"executed_lines": [], "summary": {"covered_lines": 0, "num_statements": 7, "percent_covered": 0.0, "percent_covered_display": "0", "missing_lines": 7, "excluded_lines": 0}, "missing_lines": [184, 185, 199, 200, 202, 203, 204], "excluded_lines": []}, "MedicalSpecialistAgent.assess_medical_risk": {"executed_lines": [], "summary": {"covered_lines": 0, "num_statements": 7, "percent_covered": 0.0, "percent_covered_display": "0", "missing_lines": 7, "excluded_lines": 0}, "missing_lines": [208, 209, 224, 225, 227, 228, 229], "excluded_lines": []}, "MedicalSpecialistAgent.get_capabilities": {"executed_lines": [], "summary": {"covered_lines": 0, "num_statements": 1, "percent_covered": 0.0, "percent_covered_display": "0", "missing_lines": 1, "excluded_lines": 0}, "missing_lines": [233], "excluded_lines": []}, "MedicalSpecialistAgent.get_specialties": {"executed_lines": [], "summary": {"covered_lines": 0, "num_statements": 1, "percent_covered": 0.0, "percent_covered_display": "0", "missing_lines": 1, "excluded_lines": 0}, "missing_lines": [246], "excluded_lines": []}, "": {"executed_lines": [1, 6, 7, 8, 9, 10, 11, 12, 13, 14, 16, 18, 19, 21, 79, 93, 156, 182, 206, 231, 244], "summary": {"covered_lines": 19, "num_statements": 19, "percent_covered": 100.0, "percent_covered_display": "100", "missing_lines": 0, "excluded_lines": 0}, "missing_lines": [], "excluded_lines": []}}, "classes": {"MedicalSpecialistAgent": {"executed_lines": [22, 23, 24, 25, 31, 32, 33], "summary": {"covered_lines": 7, "num_statements": 51, "percent_covered": 13.72549019607843, "percent_covered_display": "14", "missing_lines": 44, "excluded_lines": 0}, "missing_lines": [81, 82, 88, 89, 90, 91, 95, 97, 103, 104, 105, 108, 111, 117, 119, 128, 146, 150, 152, 153, 154, 158, 159, 175, 176, 178, 179, 180, 184, 185, 199, 200, 202, 203, 204, 208, 209, 224, 225, 227, 228, 229, 233, 246], "excluded_lines": []}, "": {"executed_lines": [1, 6, 7, 8, 9, 10, 11, 12, 13, 14, 16, 18, 19, 21, 79, 93, 156, 182, 206, 231, 244], "summary": {"covered_lines": 19, "num_statements": 19, "percent_covered": 100.0, "percent_covered_display": "100", "missing_lines": 0, "excluded_lines": 0}, "missing_lines": [], "excluded_lines": []}}}, "src/agents/regulatory_expert.py": {"executed_lines": [1, 6, 7, 8, 9, 10, 11, 12, 13, 14, 16, 18, 19, 21, 22, 23, 24, 25, 32, 33, 34, 91, 105, 168, 194, 220, 247, 273, 286], "summary": {"covered_lines": 27, "num_statements": 78, "percent_covered": 34.61538461538461, "percent_covered_display": "35", "missing_lines": 51, "excluded_lines": 0}, "missing_lines": [93, 94, 100, 101, 102, 103, 107, 109, 115, 116, 117, 120, 123, 129, 131, 140, 158, 162, 164, 165, 166, 170, 171, 187, 188, 190, 191, 192, 196, 197, 213, 214, 216, 217, 218, 222, 223, 240, 241, 243, 244, 245, 249, 250, 266, 267, 269, 270, 271, 275, 288], "excluded_lines": [], "functions": {"RegulatoryExpertAgent.__init__": {"executed_lines": [22, 23, 24, 25, 32, 33, 34], "summary": {"covered_lines": 7, "num_statements": 7, "percent_covered": 100.0, "percent_covered_display": "100", "missing_lines": 0, "excluded_lines": 0}, "missing_lines": [], "excluded_lines": []}, "RegulatoryExpertAgent.initialize": {"executed_lines": [], "summary": {"covered_lines": 0, "num_statements": 6, "percent_covered": 0.0, "percent_covered_display": "0", "missing_lines": 6, "excluded_lines": 0}, "missing_lines": [93, 94, 100, 101, 102, 103], "excluded_lines": []}, "RegulatoryExpertAgent.process_query": {"executed_lines": [], "summary": {"covered_lines": 0, "num_statements": 15, "percent_covered": 0.0, "percent_covered_display": "0", "missing_lines": 15, "excluded_lines": 0}, "missing_lines": [107, 109, 115, 116, 117, 120, 123, 129, 131, 140, 158, 162, 164, 165, 166], "excluded_lines": []}, "RegulatoryExpertAgent.assess_regulatory_pathway": {"executed_lines": [], "summary": {"covered_lines": 0, "num_statements": 7, "percent_covered": 0.0, "percent_covered_display": "0", "missing_lines": 7, "excluded_lines": 0}, "missing_lines": [170, 171, 187, 188, 190, 191, 192], "excluded_lines": []}, "RegulatoryExpertAgent.review_submission_document": {"executed_lines": [], "summary": {"covered_lines": 0, "num_statements": 7, "percent_covered": 0.0, "percent_covered_display": "0", "missing_lines": 7, "excluded_lines": 0}, "missing_lines": [196, 197, 213, 214, 216, 217, 218], "excluded_lines": []}, "RegulatoryExpertAgent.develop_compliance_strategy": {"executed_lines": [], "summary": {"covered_lines": 0, "num_statements": 7, "percent_covered": 0.0, "percent_covered_display": "0", "missing_lines": 7, "excluded_lines": 0}, "missing_lines": [222, 223, 240, 241, 243, 244, 245], "excluded_lines": []}, "RegulatoryExpertAgent.assess_post_market_requirements": {"executed_lines": [], "summary": {"covered_lines": 0, "num_statements": 7, "percent_covered": 0.0, "percent_covered_display": "0", "missing_lines": 7, "excluded_lines": 0}, "missing_lines": [249, 250, 266, 267, 269, 270, 271], "excluded_lines": []}, "RegulatoryExpertAgent.get_capabilities": {"executed_lines": [], "summary": {"covered_lines": 0, "num_statements": 1, "percent_covered": 0.0, "percent_covered_display": "0", "missing_lines": 1, "excluded_lines": 0}, "missing_lines": [275], "excluded_lines": []}, "RegulatoryExpertAgent.get_specialties": {"executed_lines": [], "summary": {"covered_lines": 0, "num_statements": 1, "percent_covered": 0.0, "percent_covered_display": "0", "missing_lines": 1, "excluded_lines": 0}, "missing_lines": [288], "excluded_lines": []}, "": {"executed_lines": [1, 6, 7, 8, 9, 10, 11, 12, 13, 14, 16, 18, 19, 21, 91, 105, 168, 194, 220, 247, 273, 286], "summary": {"covered_lines": 20, "num_statements": 20, "percent_covered": 100.0, "percent_covered_display": "100", "missing_lines": 0, "excluded_lines": 0}, "missing_lines": [], "excluded_lines": []}}, "classes": {"RegulatoryExpertAgent": {"executed_lines": [22, 23, 24, 25, 32, 33, 34], "summary": {"covered_lines": 7, "num_statements": 58, "percent_covered": 12.068965517241379, "percent_covered_display": "12", "missing_lines": 51, "excluded_lines": 0}, "missing_lines": [93, 94, 100, 101, 102, 103, 107, 109, 115, 116, 117, 120, 123, 129, 131, 140, 158, 162, 164, 165, 166, 170, 171, 187, 188, 190, 191, 192, 196, 197, 213, 214, 216, 217, 218, 222, 223, 240, 241, 243, 244, 245, 249, 250, 266, 267, 269, 270, 271, 275, 288], "excluded_lines": []}, "": {"executed_lines": [1, 6, 7, 8, 9, 10, 11, 12, 13, 14, 16, 18, 19, 21, 91, 105, 168, 194, 220, 247, 273, 286], "summary": {"covered_lines": 20, "num_statements": 20, "percent_covered": 100.0, "percent_covered_display": "100", "missing_lines": 0, "excluded_lines": 0}, "missing_lines": [], "excluded_lines": []}}}, "src/api/__init__.py": {"executed_lines": [], "summary": {"covered_lines": 0, "num_statements": 0, "percent_covered": 100.0, "percent_covered_display": "100", "missing_lines": 0, "excluded_lines": 0}, "missing_lines": [], "excluded_lines": [], "functions": {"": {"executed_lines": [], "summary": {"covered_lines": 0, "num_statements": 0, "percent_covered": 100.0, "percent_covered_display": "100", "missing_lines": 0, "excluded_lines": 0}, "missing_lines": [], "excluded_lines": []}}, "classes": {"": {"executed_lines": [], "summary": {"covered_lines": 0, "num_statements": 0, "percent_covered": 100.0, "percent_covered_display": "100", "missing_lines": 0, "excluded_lines": 0}, "missing_lines": [], "excluded_lines": []}}}, "src/api/dependencies.py": {"executed_lines": [], "summary": {"covered_lines": 0, "num_statements": 55, "percent_covered": 0.0, "percent_covered_display": "0", "missing_lines": 55, "excluded_lines": 0}, "missing_lines": [8, 9, 10, 11, 13, 14, 15, 16, 17, 18, 19, 21, 24, 25, 28, 31, 32, 35, 45, 46, 47, 51, 54, 72, 74, 77, 79, 84, 86, 87, 88, 94, 106, 109, 116, 119, 131, 134, 150, 158, 176, 177, 182, 183, 184, 185, 186, 192, 202, 203, 204, 205, 206, 213, 215], "excluded_lines": [], "functions": {"set_supabase_client": {"executed_lines": [], "summary": {"covered_lines": 0, "num_statements": 2, "percent_covered": 0.0, "percent_covered_display": "0", "missing_lines": 2, "excluded_lines": 0}, "missing_lines": [31, 32], "excluded_lines": []}, "get_supabase_client": {"executed_lines": [], "summary": {"covered_lines": 0, "num_statements": 4, "percent_covered": 0.0, "percent_covered_display": "0", "missing_lines": 4, "excluded_lines": 0}, "missing_lines": [45, 46, 47, 51], "excluded_lines": []}, "get_tenant_aware_client": {"executed_lines": [], "summary": {"covered_lines": 0, "num_statements": 8, "percent_covered": 0.0, "percent_covered_display": "0", "missing_lines": 8, "excluded_lines": 0}, "missing_lines": [72, 74, 77, 79, 84, 86, 87, 88], "excluded_lines": []}, "get_panel_repository": {"executed_lines": [], "summary": {"covered_lines": 0, "num_statements": 1, "percent_covered": 0.0, "percent_covered_display": "0", "missing_lines": 1, "excluded_lines": 0}, "missing_lines": [106], "excluded_lines": []}, "get_consensus_calculator": {"executed_lines": [], "summary": {"covered_lines": 0, "num_statements": 1, "percent_covered": 0.0, "percent_covered_display": "0", "missing_lines": 1, "excluded_lines": 0}, "missing_lines": [116], "excluded_lines": []}, "get_usage_tracker": {"executed_lines": [], "summary": {"covered_lines": 0, "num_statements": 1, "percent_covered": 0.0, "percent_covered_display": "0", "missing_lines": 1, "excluded_lines": 0}, "missing_lines": [131], "excluded_lines": []}, "get_panel_workflow": {"executed_lines": [], "summary": {"covered_lines": 0, "num_statements": 1, "percent_covered": 0.0, "percent_covered_display": "0", "missing_lines": 1, "excluded_lines": 0}, "missing_lines": [150], "excluded_lines": []}, "get_current_user_id": {"executed_lines": [], "summary": {"covered_lines": 0, "num_statements": 7, "percent_covered": 0.0, "percent_covered_display": "0", "missing_lines": 7, "excluded_lines": 0}, "missing_lines": [176, 177, 182, 183, 184, 185, 186], "excluded_lines": []}, "get_tenant_id_from_context": {"executed_lines": [], "summary": {"covered_lines": 0, "num_statements": 5, "percent_covered": 0.0, "percent_covered_display": "0", "missing_lines": 5, "excluded_lines": 0}, "missing_lines": [202, 203, 204, 205, 206], "excluded_lines": []}, "get_optional_supabase": {"executed_lines": [], "summary": {"covered_lines": 0, "num_statements": 1, "percent_covered": 0.0, "percent_covered_display": "0", "missing_lines": 1, "excluded_lines": 0}, "missing_lines": [215], "excluded_lines": []}, "": {"executed_lines": [], "summary": {"covered_lines": 0, "num_statements": 24, "percent_covered": 0.0, "percent_covered_display": "0", "missing_lines": 24, "excluded_lines": 0}, "missing_lines": [8, 9, 10, 11, 13, 14, 15, 16, 17, 18, 19, 21, 24, 25, 28, 35, 54, 94, 109, 119, 134, 158, 192, 213], "excluded_lines": []}}, "classes": {"": {"executed_lines": [], "summary": {"covered_lines": 0, "num_statements": 55, "percent_covered": 0.0, "percent_covered_display": "0", "missing_lines": 55, "excluded_lines": 0}, "missing_lines": [8, 9, 10, 11, 13, 14, 15, 16, 17, 18, 19, 21, 24, 25, 28, 31, 32, 35, 45, 46, 47, 51, 54, 72, 74, 77, 79, 84, 86, 87, 88, 94, 106, 109, 116, 119, 131, 134, 150, 158, 176, 177, 182, 183, 184, 185, 186, 192, 202, 203, 204, 205, 206, 213, 215], "excluded_lines": []}}}, "src/api/frameworks.py": {"executed_lines": [], "summary": {"covered_lines": 0, "num_statements": 144, "percent_covered": 0.0, "percent_covered_display": "0", "missing_lines": 144, "excluded_lines": 0}, "missing_lines": [13, 14, 15, 16, 17, 18, 19, 22, 25, 27, 30, 31, 32, 33, 37, 38, 44, 45, 46, 47, 49, 50, 51, 52, 53, 55, 56, 57, 58, 59, 60, 61, 62, 63, 64, 65, 67, 68, 69, 70, 71, 72, 73, 74, 75, 77, 78, 79, 80, 82, 83, 84, 85, 87, 88, 89, 90, 92, 93, 94, 95, 96, 97, 103, 104, 109, 111, 112, 115, 116, 118, 119, 122, 128, 135, 137, 145, 147, 149, 168, 169, 170, 187, 188, 193, 195, 196, 199, 200, 201, 204, 205, 206, 211, 218, 219, 228, 229, 230, 234, 235, 240, 247, 248, 257, 258, 259, 260, 265, 275, 285, 291, 293, 313, 314, 315, 332, 333, 338, 340, 341, 344, 345, 346, 348, 349, 352, 353, 354, 355, 356, 358, 363, 370, 371, 380, 382, 384, 403, 404, 405, 422, 423, 425], "excluded_lines": [], "functions": {"get_openai_client": {"executed_lines": [], "summary": {"covered_lines": 0, "num_statements": 6, "percent_covered": 0.0, "percent_covered_display": "0", "missing_lines": 6, "excluded_lines": 0}, "missing_lines": [30, 31, 32, 33, 37, 38], "excluded_lines": []}, "execute_langgraph": {"executed_lines": [], "summary": {"covered_lines": 0, "num_statements": 17, "percent_covered": 0.0, "percent_covered_display": "0", "missing_lines": 17, "excluded_lines": 0}, "missing_lines": [109, 111, 112, 115, 116, 118, 119, 122, 128, 135, 137, 145, 147, 149, 168, 169, 170], "excluded_lines": []}, "execute_autogen": {"executed_lines": [], "summary": {"covered_lines": 0, "num_statements": 32, "percent_covered": 0.0, "percent_covered_display": "0", "missing_lines": 32, "excluded_lines": 0}, "missing_lines": [193, 195, 196, 199, 200, 201, 204, 205, 206, 211, 218, 219, 228, 229, 230, 234, 235, 240, 247, 248, 257, 258, 259, 260, 265, 275, 285, 291, 293, 313, 314, 315], "excluded_lines": []}, "execute_crewai": {"executed_lines": [], "summary": {"covered_lines": 0, "num_statements": 23, "percent_covered": 0.0, "percent_covered_display": "0", "missing_lines": 23, "excluded_lines": 0}, "missing_lines": [338, 340, 341, 344, 345, 346, 348, 349, 352, 353, 354, 355, 356, 358, 363, 370, 371, 380, 382, 384, 403, 404, 405], "excluded_lines": []}, "get_frameworks_info": {"executed_lines": [], "summary": {"covered_lines": 0, "num_statements": 1, "percent_covered": 0.0, "percent_covered_display": "0", "missing_lines": 1, "excluded_lines": 0}, "missing_lines": [425], "excluded_lines": []}, "": {"executed_lines": [], "summary": {"covered_lines": 0, "num_statements": 65, "percent_covered": 0.0, "percent_covered_display": "0", "missing_lines": 65, "excluded_lines": 0}, "missing_lines": [13, 14, 15, 16, 17, 18, 19, 22, 25, 27, 44, 45, 46, 47, 49, 50, 51, 52, 53, 55, 56, 57, 58, 59, 60, 61, 62, 63, 64, 65, 67, 68, 69, 70, 71, 72, 73, 74, 75, 77, 78, 79, 80, 82, 83, 84, 85, 87, 88, 89, 90, 92, 93, 94, 95, 96, 97, 103, 104, 187, 188, 332, 333, 422, 423], "excluded_lines": []}}, "classes": {"Framework": {"executed_lines": [], "summary": {"covered_lines": 0, "num_statements": 0, "percent_covered": 100.0, "percent_covered_display": "100", "missing_lines": 0, "excluded_lines": 0}, "missing_lines": [], "excluded_lines": []}, "ExecutionMode": {"executed_lines": [], "summary": {"covered_lines": 0, "num_statements": 0, "percent_covered": 100.0, "percent_covered_display": "100", "missing_lines": 0, "excluded_lines": 0}, "missing_lines": [], "excluded_lines": []}, "AgentDefinition": {"executed_lines": [], "summary": {"covered_lines": 0, "num_statements": 0, "percent_covered": 100.0, "percent_covered_display": "100", "missing_lines": 0, "excluded_lines": 0}, "missing_lines": [], "excluded_lines": []}, "WorkflowConfig": {"executed_lines": [], "summary": {"covered_lines": 0, "num_statements": 0, "percent_covered": 100.0, "percent_covered_display": "100", "missing_lines": 0, "excluded_lines": 0}, "missing_lines": [], "excluded_lines": []}, "ExecutionInput": {"executed_lines": [], "summary": {"covered_lines": 0, "num_statements": 0, "percent_covered": 100.0, "percent_covered_display": "100", "missing_lines": 0, "excluded_lines": 0}, "missing_lines": [], "excluded_lines": []}, "ExecutionMetadata": {"executed_lines": [], "summary": {"covered_lines": 0, "num_statements": 0, "percent_covered": 100.0, "percent_covered_display": "100", "missing_lines": 0, "excluded_lines": 0}, "missing_lines": [], "excluded_lines": []}, "ExecutionRequest": {"executed_lines": [], "summary": {"covered_lines": 0, "num_statements": 0, "percent_covered": 100.0, "percent_covered_display": "100", "missing_lines": 0, "excluded_lines": 0}, "missing_lines": [], "excluded_lines": []}, "ExecutionResult": {"executed_lines": [], "summary": {"covered_lines": 0, "num_statements": 0, "percent_covered": 100.0, "percent_covered_display": "100", "missing_lines": 0, "excluded_lines": 0}, "missing_lines": [], "excluded_lines": []}, "": {"executed_lines": [], "summary": {"covered_lines": 0, "num_statements": 144, "percent_covered": 0.0, "percent_covered_display": "0", "missing_lines": 144, "excluded_lines": 0}, "missing_lines": [13, 14, 15, 16, 17, 18, 19, 22, 25, 27, 30, 31, 32, 33, 37, 38, 44, 45, 46, 47, 49, 50, 51, 52, 53, 55, 56, 57, 58, 59, 60, 61, 62, 63, 64, 65, 67, 68, 69, 70, 71, 72, 73, 74, 75, 77, 78, 79, 80, 82, 83, 84, 85, 87, 88, 89, 90, 92, 93, 94, 95, 96, 97, 103, 104, 109, 111, 112, 115, 116, 118, 119, 122, 128, 135, 137, 145, 147, 149, 168, 169, 170, 187, 188, 193, 195, 196, 199, 200, 201, 204, 205, 206, 211, 218, 219, 228, 229, 230, 234, 235, 240, 247, 248, 257, 258, 259, 260, 265, 275, 285, 291, 293, 313, 314, 315, 332, 333, 338, 340, 341, 344, 345, 346, 348, 349, 352, 353, 354, 355, 356, 358, 363, 370, 371, 380, 382, 384, 403, 404, 405, 422, 423, 425], "excluded_lines": []}}}, "src/api/main.py": {"executed_lines": [], "summary": {"covered_lines": 0, "num_statements": 102, "percent_covered": 0.0, "percent_covered_display": "0", "missing_lines": 102, "excluded_lines": 0}, "missing_lines": [15, 16, 17, 18, 19, 20, 21, 22, 23, 24, 25, 28, 31, 35, 42, 43, 48, 49, 50, 51, 53, 55, 56, 57, 58, 59, 60, 62, 63, 64, 66, 69, 70, 72, 73, 74, 81, 176, 191, 195, 196, 200, 202, 203, 206, 209, 215, 218, 221, 222, 225, 230, 238, 241, 242, 244, 247, 248, 250, 265, 266, 268, 276, 277, 283, 285, 288, 289, 290, 291, 292, 293, 294, 295, 298, 299, 300, 301, 302, 303, 304, 305, 308, 309, 311, 318, 319, 320, 330, 331, 337, 366, 367, 369, 380, 381, 383, 384, 399, 400, 402, 421], "excluded_lines": [], "functions": {"lifespan": {"executed_lines": [], "summary": {"covered_lines": 0, "num_statements": 20, "percent_covered": 0.0, "percent_covered_display": "0", "missing_lines": 20, "excluded_lines": 0}, "missing_lines": [48, 49, 50, 51, 53, 55, 56, 57, 58, 59, 60, 62, 63, 64, 66, 69, 70, 72, 73, 74], "excluded_lines": []}, "log_requests": {"executed_lines": [], "summary": {"covered_lines": 0, "num_statements": 11, "percent_covered": 0.0, "percent_covered_display": "0", "missing_lines": 11, "excluded_lines": 0}, "missing_lines": [200, 202, 203, 206, 209, 215, 218, 221, 222, 225, 230], "excluded_lines": []}, "root": {"executed_lines": [], "summary": {"covered_lines": 0, "num_statements": 1, "percent_covered": 0.0, "percent_covered_display": "0", "missing_lines": 1, "excluded_lines": 0}, "missing_lines": [244], "excluded_lines": []}, "custom_swagger_ui_html": {"executed_lines": [], "summary": {"covered_lines": 0, "num_statements": 1, "percent_covered": 0.0, "percent_covered_display": "0", "missing_lines": 1, "excluded_lines": 0}, "missing_lines": [250], "excluded_lines": []}, "get_open_api_endpoint": {"executed_lines": [], "summary": {"covered_lines": 0, "num_statements": 1, "percent_covered": 0.0, "percent_covered_display": "0", "missing_lines": 1, "excluded_lines": 0}, "missing_lines": [268], "excluded_lines": []}, "system_health": {"executed_lines": [], "summary": {"covered_lines": 0, "num_statements": 24, "percent_covered": 0.0, "percent_covered_display": "0", "missing_lines": 24, "excluded_lines": 0}, "missing_lines": [283, 285, 288, 289, 290, 291, 292, 293, 294, 295, 298, 299, 300, 301, 302, 303, 304, 305, 308, 309, 311, 318, 319, 320], "excluded_lines": []}, "system_info": {"executed_lines": [], "summary": {"covered_lines": 0, "num_statements": 1, "percent_covered": 0.0, "percent_covered_display": "0", "missing_lines": 1, "excluded_lines": 0}, "missing_lines": [337], "excluded_lines": []}, "not_found_handler": {"executed_lines": [], "summary": {"covered_lines": 0, "num_statements": 1, "percent_covered": 0.0, "percent_covered_display": "0", "missing_lines": 1, "excluded_lines": 0}, "missing_lines": [369], "excluded_lines": []}, "internal_error_handler": {"executed_lines": [], "summary": {"covered_lines": 0, "num_statements": 2, "percent_covered": 0.0, "percent_covered_display": "0", "missing_lines": 2, "excluded_lines": 0}, "missing_lines": [383, 384], "excluded_lines": []}, "": {"executed_lines": [], "summary": {"covered_lines": 0, "num_statements": 40, "percent_covered": 0.0, "percent_covered_display": "0", "missing_lines": 40, "excluded_lines": 0}, "missing_lines": [15, 16, 17, 18, 19, 20, 21, 22, 23, 24, 25, 28, 31, 35, 42, 43, 81, 176, 191, 195, 196, 238, 241, 242, 247, 248, 265, 266, 276, 277, 330, 331, 366, 367, 380, 381, 399, 400, 402, 421], "excluded_lines": []}}, "classes": {"": {"executed_lines": [], "summary": {"covered_lines": 0, "num_statements": 102, "percent_covered": 0.0, "percent_covered_display": "0", "missing_lines": 102, "excluded_lines": 0}, "missing_lines": [15, 16, 17, 18, 19, 20, 21, 22, 23, 24, 25, 28, 31, 35, 42, 43, 48, 49, 50, 51, 53, 55, 56, 57, 58, 59, 60, 62, 63, 64, 66, 69, 70, 72, 73, 74, 81, 176, 191, 195, 196, 200, 202, 203, 206, 209, 215, 218, 221, 222, 225, 230, 238, 241, 242, 244, 247, 248, 250, 265, 266, 268, 276, 277, 283, 285, 288, 289, 290, 291, 292, 293, 294, 295, 298, 299, 300, 301, 302, 303, 304, 305, 308, 309, 311, 318, 319, 320, 330, 331, 337, 366, 367, 369, 380, 381, 383, 384, 399, 400, 402, 421], "excluded_lines": []}}}, "src/api/routes/__init__.py": {"executed_lines": [], "summary": {"covered_lines": 0, "num_statements": 0, "percent_covered": 100.0, "percent_covered_display": "100", "missing_lines": 0, "excluded_lines": 0}, "missing_lines": [], "excluded_lines": [], "functions": {"": {"executed_lines": [], "summary": {"covered_lines": 0, "num_statements": 0, "percent_covered": 100.0, "percent_covered_display": "100", "missing_lines": 0, "excluded_lines": 0}, "missing_lines": [], "excluded_lines": []}}, "classes": {"": {"executed_lines": [], "summary": {"covered_lines": 0, "num_statements": 0, "percent_covered": 100.0, "percent_covered_display": "100", "missing_lines": 0, "excluded_lines": 0}, "missing_lines": [], "excluded_lines": []}}}, "src/api/routes/hybrid_search.py": {"executed_lines": [], "summary": {"covered_lines": 0, "num_statements": 219, "percent_covered": 0.0, "percent_covered_display": "0", "missing_lines": 219, "excluded_lines": 0}, "missing_lines": [16, 17, 18, 19, 20, 21, 22, 23, 24, 27, 28, 29, 31, 32, 33, 34, 36, 37, 40, 41, 42, 45, 60, 63, 71, 77, 83, 91, 99, 105, 111, 117, 118, 120, 121, 124, 125, 126, 128, 131, 134, 135, 136, 137, 140, 141, 142, 143, 144, 147, 148, 149, 150, 153, 154, 155, 157, 158, 182, 185, 188, 189, 190, 191, 194, 195, 198, 200, 201, 219, 222, 223, 224, 225, 226, 233, 243, 247, 250, 251, 253, 256, 268, 273, 274, 280, 287, 318, 326, 327, 328, 330, 332, 333, 343, 344, 345, 347, 349, 359, 360, 361, 362, 366, 367, 368, 371, 372, 380, 383, 384, 385, 403, 405, 408, 424, 425, 441, 442, 443, 453, 454, 456, 462, 464, 465, 466, 468, 469, 470, 476, 482, 492, 494, 495, 501, 502, 503, 521, 523, 525, 533, 534, 535, 538, 544, 548, 550, 551, 552, 553, 554, 555, 558, 559, 560, 561, 562, 563, 566, 568, 570, 586, 587, 588, 601, 604, 605, 607, 609, 610, 611, 613, 615, 616, 617, 619, 621, 622, 624, 626, 627, 628, 629, 630, 633, 636, 637, 657, 659, 660, 662, 664, 666, 668, 673, 674, 677, 686, 689, 697, 698, 699, 705, 707, 713, 718, 719, 720, 722, 723, 724, 731, 732, 734, 744, 745, 747, 748], "excluded_lines": [], "functions": {"SearchRequest.validate_query": {"executed_lines": [], "summary": {"covered_lines": 0, "num_statements": 6, "percent_covered": 0.0, "percent_covered_display": "0", "missing_lines": 6, "excluded_lines": 0}, "missing_lines": [120, 121, 124, 125, 126, 128], "excluded_lines": []}, "get_current_user": {"executed_lines": [], "summary": {"covered_lines": 0, "num_statements": 5, "percent_covered": 0.0, "percent_covered_display": "0", "missing_lines": 5, "excluded_lines": 0}, "missing_lines": [243, 247, 250, 251, 253], "excluded_lines": []}, "check_rate_limit": {"executed_lines": [], "summary": {"covered_lines": 0, "num_statements": 4, "percent_covered": 0.0, "percent_covered_display": "0", "missing_lines": 4, "excluded_lines": 0}, "missing_lines": [268, 273, 274, 280], "excluded_lines": []}, "search_agents": {"executed_lines": [], "summary": {"covered_lines": 0, "num_statements": 42, "percent_covered": 0.0, "percent_covered_display": "0", "missing_lines": 42, "excluded_lines": 0}, "missing_lines": [326, 327, 328, 330, 332, 333, 343, 344, 345, 347, 349, 359, 360, 361, 362, 366, 367, 368, 371, 372, 380, 383, 384, 385, 403, 405, 408, 424, 425, 441, 442, 443, 453, 454, 456, 462, 464, 465, 466, 468, 469, 470], "excluded_lines": []}, "find_similar_agents": {"executed_lines": [], "summary": {"covered_lines": 0, "num_statements": 12, "percent_covered": 0.0, "percent_covered_display": "0", "missing_lines": 12, "excluded_lines": 0}, "missing_lines": [492, 494, 495, 501, 502, 503, 521, 523, 525, 533, 534, 535], "excluded_lines": []}, "health_check": {"executed_lines": [], "summary": {"covered_lines": 0, "num_statements": 19, "percent_covered": 0.0, "percent_covered_display": "0", "missing_lines": 19, "excluded_lines": 0}, "missing_lines": [548, 550, 551, 552, 553, 554, 555, 558, 559, 560, 561, 562, 563, 566, 568, 570, 586, 587, 588], "excluded_lines": []}, "ConnectionManager.__init__": {"executed_lines": [], "summary": {"covered_lines": 0, "num_statements": 1, "percent_covered": 0.0, "percent_covered_display": "0", "missing_lines": 1, "excluded_lines": 0}, "missing_lines": [605], "excluded_lines": []}, "ConnectionManager.connect": {"executed_lines": [], "summary": {"covered_lines": 0, "num_statements": 3, "percent_covered": 0.0, "percent_covered_display": "0", "missing_lines": 3, "excluded_lines": 0}, "missing_lines": [609, 610, 611], "excluded_lines": []}, "ConnectionManager.disconnect": {"executed_lines": [], "summary": {"covered_lines": 0, "num_statements": 3, "percent_covered": 0.0, "percent_covered_display": "0", "missing_lines": 3, "excluded_lines": 0}, "missing_lines": [615, 616, 617], "excluded_lines": []}, "ConnectionManager.send_message": {"executed_lines": [], "summary": {"covered_lines": 0, "num_statements": 2, "percent_covered": 0.0, "percent_covered_display": "0", "missing_lines": 2, "excluded_lines": 0}, "missing_lines": [621, 622], "excluded_lines": []}, "ConnectionManager.broadcast": {"executed_lines": [], "summary": {"covered_lines": 0, "num_statements": 5, "percent_covered": 0.0, "percent_covered_display": "0", "missing_lines": 5, "excluded_lines": 0}, "missing_lines": [626, 627, 628, 629, 630], "excluded_lines": []}, "websocket_search": {"executed_lines": [], "summary": {"covered_lines": 0, "num_statements": 24, "percent_covered": 0.0, "percent_covered_display": "0", "missing_lines": 24, "excluded_lines": 0}, "missing_lines": [657, 659, 660, 662, 664, 666, 668, 673, 674, 677, 686, 689, 697, 698, 699, 705, 707, 713, 718, 719, 720, 722, 723, 724], "excluded_lines": []}, "http_exception_handler": {"executed_lines": [], "summary": {"covered_lines": 0, "num_statements": 1, "percent_covered": 0.0, "percent_covered_display": "0", "missing_lines": 1, "excluded_lines": 0}, "missing_lines": [734], "excluded_lines": []}, "general_exception_handler": {"executed_lines": [], "summary": {"covered_lines": 0, "num_statements": 2, "percent_covered": 0.0, "percent_covered_display": "0", "missing_lines": 2, "excluded_lines": 0}, "missing_lines": [747, 748], "excluded_lines": []}, "": {"executed_lines": [], "summary": {"covered_lines": 0, "num_statements": 90, "percent_covered": 0.0, "percent_covered_display": "0", "missing_lines": 90, "excluded_lines": 0}, "missing_lines": [16, 17, 18, 19, 20, 21, 22, 23, 24, 27, 28, 29, 31, 32, 33, 34, 36, 37, 40, 41, 42, 45, 60, 63, 71, 77, 83, 91, 99, 105, 111, 117, 118, 131, 134, 135, 136, 137, 140, 141, 142, 143, 144, 147, 148, 149, 150, 153, 154, 155, 157, 158, 182, 185, 188, 189, 190, 191, 194, 195, 198, 200, 201, 219, 222, 223, 224, 225, 226, 233, 256, 287, 318, 476, 482, 538, 544, 601, 604, 607, 613, 619, 624, 633, 636, 637, 731, 732, 744, 745], "excluded_lines": []}}, "classes": {"SearchRequest": {"executed_lines": [], "summary": {"covered_lines": 0, "num_statements": 6, "percent_covered": 0.0, "percent_covered_display": "0", "missing_lines": 6, "excluded_lines": 0}, "missing_lines": [120, 121, 124, 125, 126, 128], "excluded_lines": []}, "AgentResult": {"executed_lines": [], "summary": {"covered_lines": 0, "num_statements": 0, "percent_covered": 100.0, "percent_covered_display": "100", "missing_lines": 0, "excluded_lines": 0}, "missing_lines": [], "excluded_lines": []}, "AgentResult.Config": {"executed_lines": [], "summary": {"covered_lines": 0, "num_statements": 0, "percent_covered": 100.0, "percent_covered_display": "100", "missing_lines": 0, "excluded_lines": 0}, "missing_lines": [], "excluded_lines": []}, "SearchResponse": {"executed_lines": [], "summary": {"covered_lines": 0, "num_statements": 0, "percent_covered": 100.0, "percent_covered_display": "100", "missing_lines": 0, "excluded_lines": 0}, "missing_lines": [], "excluded_lines": []}, "SearchResponse.Config": {"executed_lines": [], "summary": {"covered_lines": 0, "num_statements": 0, "percent_covered": 100.0, "percent_covered_display": "100", "missing_lines": 0, "excluded_lines": 0}, "missing_lines": [], "excluded_lines": []}, "HealthResponse": {"executed_lines": [], "summary": {"covered_lines": 0, "num_statements": 0, "percent_covered": 100.0, "percent_covered_display": "100", "missing_lines": 0, "excluded_lines": 0}, "missing_lines": [], "excluded_lines": []}, "ConnectionManager": {"executed_lines": [], "summary": {"covered_lines": 0, "num_statements": 14, "percent_covered": 0.0, "percent_covered_display": "0", "missing_lines": 14, "excluded_lines": 0}, "missing_lines": [605, 609, 610, 611, 615, 616, 617, 621, 622, 626, 627, 628, 629, 630], "excluded_lines": []}, "": {"executed_lines": [], "summary": {"covered_lines": 0, "num_statements": 199, "percent_covered": 0.0, "percent_covered_display": "0", "missing_lines": 199, "excluded_lines": 0}, "missing_lines": [16, 17, 18, 19, 20, 21, 22, 23, 24, 27, 28, 29, 31, 32, 33, 34, 36, 37, 40, 41, 42, 45, 60, 63, 71, 77, 83, 91, 99, 105, 111, 117, 118, 131, 134, 135, 136, 137, 140, 141, 142, 143, 144, 147, 148, 149, 150, 153, 154, 155, 157, 158, 182, 185, 188, 189, 190, 191, 194, 195, 198, 200, 201, 219, 222, 223, 224, 225, 226, 233, 243, 247, 250, 251, 253, 256, 268, 273, 274, 280, 287, 318, 326, 327, 328, 330, 332, 333, 343, 344, 345, 347, 349, 359, 360, 361, 362, 366, 367, 368, 371, 372, 380, 383, 384, 385, 403, 405, 408, 424, 425, 441, 442, 443, 453, 454, 456, 462, 464, 465, 466, 468, 469, 470, 476, 482, 492, 494, 495, 501, 502, 503, 521, 523, 525, 533, 534, 535, 538, 544, 548, 550, 551, 552, 553, 554, 555, 558, 559, 560, 561, 562, 563, 566, 568, 570, 586, 587, 588, 601, 604, 607, 613, 619, 624, 633, 636, 637, 657, 659, 660, 662, 664, 666, 668, 673, 674, 677, 686, 689, 697, 698, 699, 705, 707, 713, 718, 719, 720, 722, 723, 724, 731, 732, 734, 744, 745, 747, 748], "excluded_lines": []}}}, "src/api/routes/panels.py": {"executed_lines": [], "summary": {"covered_lines": 0, "num_statements": 128, "percent_covered": 0.0, "percent_covered_display": "0", "missing_lines": 128, "excluded_lines": 0}, "missing_lines": [8, 9, 10, 11, 12, 13, 15, 16, 17, 18, 19, 20, 21, 22, 24, 26, 30, 32, 33, 34, 35, 36, 39, 41, 42, 43, 44, 45, 46, 47, 48, 49, 50, 51, 52, 53, 56, 58, 61, 63, 64, 65, 66, 67, 68, 71, 73, 74, 75, 76, 80, 89, 90, 100, 101, 103, 111, 120, 126, 142, 143, 144, 150, 151, 161, 162, 164, 170, 172, 178, 180, 181, 182, 186, 187, 188, 194, 195, 204, 205, 207, 209, 210, 215, 231, 232, 233, 234, 235, 241, 242, 253, 254, 257, 260, 267, 271, 278, 297, 304, 305, 306, 312, 313, 320, 322, 323, 324, 332, 337, 339, 340, 341, 342, 343, 349, 350, 357, 359, 360, 361, 369, 374, 376, 377, 378, 379, 380], "excluded_lines": [], "functions": {"create_panel": {"executed_lines": [], "summary": {"covered_lines": 0, "num_statements": 9, "percent_covered": 0.0, "percent_covered_display": "0", "missing_lines": 9, "excluded_lines": 0}, "missing_lines": [100, 101, 103, 111, 120, 126, 142, 143, 144], "excluded_lines": []}, "execute_panel": {"executed_lines": [], "summary": {"covered_lines": 0, "num_statements": 12, "percent_covered": 0.0, "percent_covered_display": "0", "missing_lines": 12, "excluded_lines": 0}, "missing_lines": [161, 162, 164, 170, 172, 178, 180, 181, 182, 186, 187, 188], "excluded_lines": []}, "get_panel": {"executed_lines": [], "summary": {"covered_lines": 0, "num_statements": 11, "percent_covered": 0.0, "percent_covered_display": "0", "missing_lines": 11, "excluded_lines": 0}, "missing_lines": [204, 205, 207, 209, 210, 215, 231, 232, 233, 234, 235], "excluded_lines": []}, "list_panels": {"executed_lines": [], "summary": {"covered_lines": 0, "num_statements": 11, "percent_covered": 0.0, "percent_covered_display": "0", "missing_lines": 11, "excluded_lines": 0}, "missing_lines": [253, 254, 257, 260, 267, 271, 278, 297, 304, 305, 306], "excluded_lines": []}, "get_panel_responses": {"executed_lines": [], "summary": {"covered_lines": 0, "num_statements": 11, "percent_covered": 0.0, "percent_covered_display": "0", "missing_lines": 11, "excluded_lines": 0}, "missing_lines": [320, 322, 323, 324, 332, 337, 339, 340, 341, 342, 343], "excluded_lines": []}, "get_panel_consensus": {"executed_lines": [], "summary": {"covered_lines": 0, "num_statements": 11, "percent_covered": 0.0, "percent_covered_display": "0", "missing_lines": 11, "excluded_lines": 0}, "missing_lines": [357, 359, 360, 361, 369, 374, 376, 377, 378, 379, 380], "excluded_lines": []}, "": {"executed_lines": [], "summary": {"covered_lines": 0, "num_statements": 63, "percent_covered": 0.0, "percent_covered_display": "0", "missing_lines": 63, "excluded_lines": 0}, "missing_lines": [8, 9, 10, 11, 12, 13, 15, 16, 17, 18, 19, 20, 21, 22, 24, 26, 30, 32, 33, 34, 35, 36, 39, 41, 42, 43, 44, 45, 46, 47, 48, 49, 50, 51, 52, 53, 56, 58, 61, 63, 64, 65, 66, 67, 68, 71, 73, 74, 75, 76, 80, 89, 90, 150, 151, 194, 195, 241, 242, 312, 313, 349, 350], "excluded_lines": []}}, "classes": {"CreatePanelRequest": {"executed_lines": [], "summary": {"covered_lines": 0, "num_statements": 0, "percent_covered": 100.0, "percent_covered_display": "100", "missing_lines": 0, "excluded_lines": 0}, "missing_lines": [], "excluded_lines": []}, "PanelResponse": {"executed_lines": [], "summary": {"covered_lines": 0, "num_statements": 0, "percent_covered": 100.0, "percent_covered_display": "100", "missing_lines": 0, "excluded_lines": 0}, "missing_lines": [], "excluded_lines": []}, "ExecutePanelRequest": {"executed_lines": [], "summary": {"covered_lines": 0, "num_statements": 0, "percent_covered": 100.0, "percent_covered_display": "100", "missing_lines": 0, "excluded_lines": 0}, "missing_lines": [], "excluded_lines": []}, "ExecutePanelResponse": {"executed_lines": [], "summary": {"covered_lines": 0, "num_statements": 0, "percent_covered": 100.0, "percent_covered_display": "100", "missing_lines": 0, "excluded_lines": 0}, "missing_lines": [], "excluded_lines": []}, "ListPanelsResponse": {"executed_lines": [], "summary": {"covered_lines": 0, "num_statements": 0, "percent_covered": 100.0, "percent_covered_display": "100", "missing_lines": 0, "excluded_lines": 0}, "missing_lines": [], "excluded_lines": []}, "": {"executed_lines": [], "summary": {"covered_lines": 0, "num_statements": 128, "percent_covered": 0.0, "percent_covered_display": "0", "missing_lines": 128, "excluded_lines": 0}, "missing_lines": [8, 9, 10, 11, 12, 13, 15, 16, 17, 18, 19, 20, 21, 22, 24, 26, 30, 32, 33, 34, 35, 36, 39, 41, 42, 43, 44, 45, 46, 47, 48, 49, 50, 51, 52, 53, 56, 58, 61, 63, 64, 65, 66, 67, 68, 71, 73, 74, 75, 76, 80, 89, 90, 100, 101, 103, 111, 120, 126, 142, 143, 144, 150, 151, 161, 162, 164, 170, 172, 178, 180, 181, 182, 186, 187, 188, 194, 195, 204, 205, 207, 209, 210, 215, 231, 232, 233, 234, 235, 241, 242, 253, 254, 257, 260, 267, 271, 278, 297, 304, 305, 306, 312, 313, 320, 322, 323, 324, 332, 337, 339, 340, 341, 342, 343, 349, 350, 357, 359, 360, 361, 369, 374, 376, 377, 378, 379, 380], "excluded_lines": []}}}, "src/core/config.py": {"executed_lines": [1, 5, 6, 7, 8, 9, 11, 12, 15, 16, 17, 20, 21, 22, 25, 28, 29, 30, 33, 34, 35, 36, 37, 40, 41, 44, 47, 50, 51, 52, 55, 56, 57, 60, 63, 64, 67, 68, 69, 72, 73, 74, 77, 78, 81, 85, 88, 89, 90, 93, 94, 96, 97, 98, 99, 101, 102, 104, 107, 147, 175, 184], "summary": {"covered_lines": 60, "num_statements": 60, "percent_covered": 100.0, "percent_covered_display": "100", "missing_lines": 0, "excluded_lines": 0}, "missing_lines": [], "excluded_lines": [], "functions": {"get_settings": {"executed_lines": [104], "summary": {"covered_lines": 1, "num_statements": 1, "percent_covered": 100.0, "percent_covered_display": "100", "missing_lines": 0, "excluded_lines": 0}, "missing_lines": [], "excluded_lines": []}, "": {"executed_lines": [1, 5, 6, 7, 8, 9, 11, 12, 15, 16, 17, 20, 21, 22, 25, 28, 29, 30, 33, 34, 35, 36, 37, 40, 41, 44, 47, 50, 51, 52, 55, 56, 57, 60, 63, 64, 67, 68, 69, 72, 73, 74, 77, 78, 81, 85, 88, 89, 90, 93, 94, 96, 97, 98, 99, 101, 102, 107, 147, 175, 184], "summary": {"covered_lines": 59, "num_statements": 59, "percent_covered": 100.0, "percent_covered_display": "100", "missing_lines": 0, "excluded_lines": 0}, "missing_lines": [], "excluded_lines": []}}, "classes": {"Settings": {"executed_lines": [], "summary": {"covered_lines": 0, "num_statements": 0, "percent_covered": 100.0, "percent_covered_display": "100", "missing_lines": 0, "excluded_lines": 0}, "missing_lines": [], "excluded_lines": []}, "Settings.Config": {"executed_lines": [], "summary": {"covered_lines": 0, "num_statements": 0, "percent_covered": 100.0, "percent_covered_display": "100", "missing_lines": 0, "excluded_lines": 0}, "missing_lines": [], "excluded_lines": []}, "": {"executed_lines": [1, 5, 6, 7, 8, 9, 11, 12, 15, 16, 17, 20, 21, 22, 25, 28, 29, 30, 33, 34, 35, 36, 37, 40, 41, 44, 47, 50, 51, 52, 55, 56, 57, 60, 63, 64, 67, 68, 69, 72, 73, 74, 77, 78, 81, 85, 88, 89, 90, 93, 94, 96, 97, 98, 99, 101, 102, 104, 107, 147, 175, 184], "summary": {"covered_lines": 60, "num_statements": 60, "percent_covered": 100.0, "percent_covered_display": "100", "missing_lines": 0, "excluded_lines": 0}, "missing_lines": [], "excluded_lines": []}}}, "src/core/monitoring.py": {"executed_lines": [1, 5, 6, 7, 8, 10, 13, 19, 25, 30, 36, 42, 48, 54, 59, 65, 70, 72, 74, 75, 77, 80, 85, 87, 88, 89, 91, 96, 101, 106, 111, 115], "summary": {"covered_lines": 31, "num_statements": 41, "percent_covered": 75.60975609756098, "percent_covered_display": "76", "missing_lines": 10, "excluded_lines": 0}, "missing_lines": [93, 94, 98, 99, 103, 104, 108, 109, 113, 117], "excluded_lines": [], "functions": {"setup_monitoring": {"executed_lines": [72, 74, 75, 77, 80, 85, 87, 88, 89], "summary": {"covered_lines": 9, "num_statements": 9, "percent_covered": 100.0, "percent_covered_display": "100", "missing_lines": 0, "excluded_lines": 0}, "missing_lines": [], "excluded_lines": []}, "record_request": {"executed_lines": [], "summary": {"covered_lines": 0, "num_statements": 2, "percent_covered": 0.0, "percent_covered_display": "0", "missing_lines": 2, "excluded_lines": 0}, "missing_lines": [93, 94], "excluded_lines": []}, "record_rag_query": {"executed_lines": [], "summary": {"covered_lines": 0, "num_statements": 2, "percent_covered": 0.0, "percent_covered_display": "0", "missing_lines": 2, "excluded_lines": 0}, "missing_lines": [98, 99], "excluded_lines": []}, "record_agent_response": {"executed_lines": [], "summary": {"covered_lines": 0, "num_statements": 2, "percent_covered": 0.0, "percent_covered_display": "0", "missing_lines": 2, "excluded_lines": 0}, "missing_lines": [103, 104], "excluded_lines": []}, "record_vector_search": {"executed_lines": [], "summary": {"covered_lines": 0, "num_statements": 2, "percent_covered": 0.0, "percent_covered_display": "0", "missing_lines": 2, "excluded_lines": 0}, "missing_lines": [108, 109], "excluded_lines": []}, "set_active_agents": {"executed_lines": [], "summary": {"covered_lines": 0, "num_statements": 1, "percent_covered": 0.0, "percent_covered_display": "0", "missing_lines": 1, "excluded_lines": 0}, "missing_lines": [113], "excluded_lines": []}, "set_database_connections": {"executed_lines": [], "summary": {"covered_lines": 0, "num_statements": 1, "percent_covered": 0.0, "percent_covered_display": "0", "missing_lines": 1, "excluded_lines": 0}, "missing_lines": [117], "excluded_lines": []}, "": {"executed_lines": [1, 5, 6, 7, 8, 10, 13, 19, 25, 30, 36, 42, 48, 54, 59, 65, 70, 91, 96, 101, 106, 111, 115], "summary": {"covered_lines": 22, "num_statements": 22, "percent_covered": 100.0, "percent_covered_display": "100", "missing_lines": 0, "excluded_lines": 0}, "missing_lines": [], "excluded_lines": []}}, "classes": {"": {"executed_lines": [1, 5, 6, 7, 8, 10, 13, 19, 25, 30, 36, 42, 48, 54, 59, 65, 70, 72, 74, 75, 77, 80, 85, 87, 88, 89, 91, 96, 101, 106, 111, 115], "summary": {"covered_lines": 31, "num_statements": 41, "percent_covered": 75.60975609756098, "percent_covered_display": "76", "missing_lines": 10, "excluded_lines": 0}, "missing_lines": [93, 94, 98, 99, 103, 104, 108, 109, 113, 117], "excluded_lines": []}}}, "src/core/websocket_manager.py": {"executed_lines": [1, 6, 7, 8, 9, 10, 11, 13, 15, 16, 18, 20, 23, 26, 29, 32, 38, 81, 108, 134, 148, 176, 180, 192, 217, 225, 241], "summary": {"covered_lines": 25, "num_statements": 136, "percent_covered": 18.38235294117647, "percent_covered_display": "18", "missing_lines": 111, "excluded_lines": 0}, "missing_lines": [40, 41, 44, 45, 46, 48, 51, 52, 60, 61, 62, 64, 69, 75, 77, 78, 79, 83, 84, 86, 89, 90, 97, 102, 104, 105, 106, 110, 111, 112, 115, 116, 117, 118, 121, 122, 125, 126, 127, 129, 131, 132, 136, 137, 140, 141, 143, 145, 146, 150, 151, 152, 154, 157, 158, 159, 160, 163, 164, 166, 167, 168, 169, 170, 173, 174, 178, 182, 183, 188, 189, 190, 194, 195, 197, 203, 204, 205, 206, 207, 208, 209, 210, 211, 214, 215, 219, 220, 221, 222, 223, 227, 243, 245, 246, 247, 248, 249, 250, 253, 254, 255, 256, 257, 260, 261, 262, 263, 265, 267, 268], "excluded_lines": [], "functions": {"WebSocketManager.__init__": {"executed_lines": [20, 23, 26, 29, 32], "summary": {"covered_lines": 5, "num_statements": 5, "percent_covered": 100.0, "percent_covered_display": "100", "missing_lines": 0, "excluded_lines": 0}, "missing_lines": [], "excluded_lines": []}, "WebSocketManager.connect": {"executed_lines": [], "summary": {"covered_lines": 0, "num_statements": 17, "percent_covered": 0.0, "percent_covered_display": "0", "missing_lines": 17, "excluded_lines": 0}, "missing_lines": [40, 41, 44, 45, 46, 48, 51, 52, 60, 61, 62, 64, 69, 75, 77, 78, 79], "excluded_lines": []}, "WebSocketManager.connect_monitoring": {"executed_lines": [], "summary": {"covered_lines": 0, "num_statements": 10, "percent_covered": 0.0, "percent_covered_display": "0", "missing_lines": 10, "excluded_lines": 0}, "missing_lines": [83, 84, 86, 89, 90, 97, 102, 104, 105, 106], "excluded_lines": []}, "WebSocketManager.disconnect": {"executed_lines": [], "summary": {"covered_lines": 0, "num_statements": 15, "percent_covered": 0.0, "percent_covered_display": "0", "missing_lines": 15, "excluded_lines": 0}, "missing_lines": [110, 111, 112, 115, 116, 117, 118, 121, 122, 125, 126, 127, 129, 131, 132], "excluded_lines": []}, "WebSocketManager.disconnect_monitoring": {"executed_lines": [], "summary": {"covered_lines": 0, "num_statements": 7, "percent_covered": 0.0, "percent_covered_display": "0", "missing_lines": 7, "excluded_lines": 0}, "missing_lines": [136, 137, 140, 141, 143, 145, 146], "excluded_lines": []}, "WebSocketManager.send_to_agent": {"executed_lines": [], "summary": {"covered_lines": 0, "num_statements": 17, "percent_covered": 0.0, "percent_covered_display": "0", "missing_lines": 17, "excluded_lines": 0}, "missing_lines": [150, 151, 152, 154, 157, 158, 159, 160, 163, 164, 166, 167, 168, 169, 170, 173, 174], "excluded_lines": []}, "WebSocketManager.broadcast_to_agent": {"executed_lines": [], "summary": {"covered_lines": 0, "num_statements": 1, "percent_covered": 0.0, "percent_covered_display": "0", "missing_lines": 1, "excluded_lines": 0}, "missing_lines": [178], "excluded_lines": []}, "WebSocketManager.send_system_status": {"executed_lines": [], "summary": {"covered_lines": 0, "num_statements": 5, "percent_covered": 0.0, "percent_covered_display": "0", "missing_lines": 5, "excluded_lines": 0}, "missing_lines": [182, 183, 188, 189, 190], "excluded_lines": []}, "WebSocketManager.broadcast_system_status": {"executed_lines": [], "summary": {"covered_lines": 0, "num_statements": 14, "percent_covered": 0.0, "percent_covered_display": "0", "missing_lines": 14, "excluded_lines": 0}, "missing_lines": [194, 195, 197, 203, 204, 205, 206, 207, 208, 209, 210, 211, 214, 215], "excluded_lines": []}, "WebSocketManager.send_to_websocket": {"executed_lines": [], "summary": {"covered_lines": 0, "num_statements": 5, "percent_covered": 0.0, "percent_covered_display": "0", "missing_lines": 5, "excluded_lines": 0}, "missing_lines": [219, 220, 221, 222, 223], "excluded_lines": []}, "WebSocketManager.get_connection_stats": {"executed_lines": [], "summary": {"covered_lines": 0, "num_statements": 1, "percent_covered": 0.0, "percent_covered_display": "0", "missing_lines": 1, "excluded_lines": 0}, "missing_lines": [227], "excluded_lines": []}, "WebSocketManager.cleanup": {"executed_lines": [], "summary": {"covered_lines": 0, "num_statements": 19, "percent_covered": 0.0, "percent_covered_display": "0", "missing_lines": 19, "excluded_lines": 0}, "missing_lines": [243, 245, 246, 247, 248, 249, 250, 253, 254, 255, 256, 257, 260, 261, 262, 263, 265, 267, 268], "excluded_lines": []}, "": {"executed_lines": [1, 6, 7, 8, 9, 10, 11, 13, 15, 16, 18, 38, 81, 108, 134, 148, 176, 180, 192, 217, 225, 241], "summary": {"covered_lines": 20, "num_statements": 20, "percent_covered": 100.0, "percent_covered_display": "100", "missing_lines": 0, "excluded_lines": 0}, "missing_lines": [], "excluded_lines": []}}, "classes": {"WebSocketManager": {"executed_lines": [20, 23, 26, 29, 32], "summary": {"covered_lines": 5, "num_statements": 116, "percent_covered": 4.310344827586207, "percent_covered_display": "4", "missing_lines": 111, "excluded_lines": 0}, "missing_lines": [40, 41, 44, 45, 46, 48, 51, 52, 60, 61, 62, 64, 69, 75, 77, 78, 79, 83, 84, 86, 89, 90, 97, 102, 104, 105, 106, 110, 111, 112, 115, 116, 117, 118, 121, 122, 125, 126, 127, 129, 131, 132, 136, 137, 140, 141, 143, 145, 146, 150, 151, 152, 154, 157, 158, 159, 160, 163, 164, 166, 167, 168, 169, 170, 173, 174, 178, 182, 183, 188, 189, 190, 194, 195, 197, 203, 204, 205, 206, 207, 208, 209, 210, 211, 214, 215, 219, 220, 221, 222, 223, 227, 243, 245, 246, 247, 248, 249, 250, 253, 254, 255, 256, 257, 260, 261, 262, 263, 265, 267, 268], "excluded_lines": []}, "": {"executed_lines": [1, 6, 7, 8, 9, 10, 11, 13, 15, 16, 18, 38, 81, 108, 134, 148, 176, 180, 192, 217, 225, 241], "summary": {"covered_lines": 20, "num_statements": 20, "percent_covered": 100.0, "percent_covered_display": "100", "missing_lines": 0, "excluded_lines": 0}, "missing_lines": [], "excluded_lines": []}}}, "src/domain/panel_models.py": {"executed_lines": [1, 8, 9, 10, 11, 13, 16, 17, 18, 37, 38, 39, 40, 41, 42, 43, 44, 45, 46, 47, 48, 49, 51, 55, 59, 63, 67, 86, 87, 88, 105, 106, 107, 108, 109, 110, 111, 112, 113, 114, 115, 117, 121, 125, 142, 143, 144, 160, 161, 162, 163, 164, 165, 166, 167, 168, 169, 171, 175, 179, 183, 199, 200, 201, 206, 207, 208, 210, 216, 222, 226, 233, 239, 243], "summary": {"covered_lines": 69, "num_statements": 97, "percent_covered": 71.1340206185567, "percent_covered_display": "71", "missing_lines": 28, "excluded_lines": 0}, "missing_lines": [53, 57, 61, 65, 69, 119, 123, 127, 173, 177, 181, 185, 212, 213, 214, 218, 219, 220, 224, 228, 229, 230, 231, 235, 236, 237, 241, 245], "excluded_lines": [], "functions": {"Panel.is_running": {"executed_lines": [], "summary": {"covered_lines": 0, "num_statements": 1, "percent_covered": 0.0, "percent_covered_display": "0", "missing_lines": 1, "excluded_lines": 0}, "missing_lines": [53], "excluded_lines": []}, "Panel.is_completed": {"executed_lines": [], "summary": {"covered_lines": 0, "num_statements": 1, "percent_covered": 0.0, "percent_covered_display": "0", "missing_lines": 1, "excluded_lines": 0}, "missing_lines": [57], "excluded_lines": []}, "Panel.is_failed": {"executed_lines": [], "summary": {"covered_lines": 0, "num_statements": 1, "percent_covered": 0.0, "percent_covered_display": "0", "missing_lines": 1, "excluded_lines": 0}, "missing_lines": [61], "excluded_lines": []}, "Panel.can_start": {"executed_lines": [], "summary": {"covered_lines": 0, "num_statements": 1, "percent_covered": 0.0, "percent_covered_display": "0", "missing_lines": 1, "excluded_lines": 0}, "missing_lines": [65], "excluded_lines": []}, "Panel.to_dict": {"executed_lines": [], "summary": {"covered_lines": 0, "num_statements": 1, "percent_covered": 0.0, "percent_covered_display": "0", "missing_lines": 1, "excluded_lines": 0}, "missing_lines": [69], "excluded_lines": []}, "PanelResponse.is_high_confidence": {"executed_lines": [], "summary": {"covered_lines": 0, "num_statements": 1, "percent_covered": 0.0, "percent_covered_display": "0", "missing_lines": 1, "excluded_lines": 0}, "missing_lines": [119], "excluded_lines": []}, "PanelResponse.is_analysis": {"executed_lines": [], "summary": {"covered_lines": 0, "num_statements": 1, "percent_covered": 0.0, "percent_covered_display": "0", "missing_lines": 1, "excluded_lines": 0}, "missing_lines": [123], "excluded_lines": []}, "PanelResponse.to_dict": {"executed_lines": [], "summary": {"covered_lines": 0, "num_statements": 1, "percent_covered": 0.0, "percent_covered_display": "0", "missing_lines": 1, "excluded_lines": 0}, "missing_lines": [127], "excluded_lines": []}, "PanelConsensus.has_strong_consensus": {"executed_lines": [], "summary": {"covered_lines": 0, "num_statements": 1, "percent_covered": 0.0, "percent_covered_display": "0", "missing_lines": 1, "excluded_lines": 0}, "missing_lines": [173], "excluded_lines": []}, "PanelConsensus.has_moderate_consensus": {"executed_lines": [], "summary": {"covered_lines": 0, "num_statements": 1, "percent_covered": 0.0, "percent_covered_display": "0", "missing_lines": 1, "excluded_lines": 0}, "missing_lines": [177], "excluded_lines": []}, "PanelConsensus.has_weak_consensus": {"executed_lines": [], "summary": {"covered_lines": 0, "num_statements": 1, "percent_covered": 0.0, "percent_covered_display": "0", "missing_lines": 1, "excluded_lines": 0}, "missing_lines": [181], "excluded_lines": []}, "PanelConsensus.to_dict": {"executed_lines": [], "summary": {"covered_lines": 0, "num_statements": 1, "percent_covered": 0.0, "percent_covered_display": "0", "missing_lines": 1, "excluded_lines": 0}, "missing_lines": [185], "excluded_lines": []}, "PanelAggregate.add_response": {"executed_lines": [], "summary": {"covered_lines": 0, "num_statements": 3, "percent_covered": 0.0, "percent_covered_display": "0", "missing_lines": 3, "excluded_lines": 0}, "missing_lines": [212, 213, 214], "excluded_lines": []}, "PanelAggregate.set_consensus": {"executed_lines": [], "summary": {"covered_lines": 0, "num_statements": 3, "percent_covered": 0.0, "percent_covered_display": "0", "missing_lines": 3, "excluded_lines": 0}, "missing_lines": [218, 219, 220], "excluded_lines": []}, "PanelAggregate.get_responses_by_round": {"executed_lines": [], "summary": {"covered_lines": 0, "num_statements": 1, "percent_covered": 0.0, "percent_covered_display": "0", "missing_lines": 1, "excluded_lines": 0}, "missing_lines": [224], "excluded_lines": []}, "PanelAggregate.get_expert_response": {"executed_lines": [], "summary": {"covered_lines": 0, "num_statements": 4, "percent_covered": 0.0, "percent_covered_display": "0", "missing_lines": 4, "excluded_lines": 0}, "missing_lines": [228, 229, 230, 231], "excluded_lines": []}, "PanelAggregate.get_average_confidence": {"executed_lines": [], "summary": {"covered_lines": 0, "num_statements": 3, "percent_covered": 0.0, "percent_covered_display": "0", "missing_lines": 3, "excluded_lines": 0}, "missing_lines": [235, 236, 237], "excluded_lines": []}, "PanelAggregate.get_unique_agents": {"executed_lines": [], "summary": {"covered_lines": 0, "num_statements": 1, "percent_covered": 0.0, "percent_covered_display": "0", "missing_lines": 1, "excluded_lines": 0}, "missing_lines": [241], "excluded_lines": []}, "PanelAggregate.to_dict": {"executed_lines": [], "summary": {"covered_lines": 0, "num_statements": 1, "percent_covered": 0.0, "percent_covered_display": "0", "missing_lines": 1, "excluded_lines": 0}, "missing_lines": [245], "excluded_lines": []}, "": {"executed_lines": [1, 8, 9, 10, 11, 13, 16, 17, 18, 37, 38, 39, 40, 41, 42, 43, 44, 45, 46, 47, 48, 49, 51, 55, 59, 63, 67, 86, 87, 88, 105, 106, 107, 108, 109, 110, 111, 112, 113, 114, 115, 117, 121, 125, 142, 143, 144, 160, 161, 162, 163, 164, 165, 166, 167, 168, 169, 171, 175, 179, 183, 199, 200, 201, 206, 207, 208, 210, 216, 222, 226, 233, 239, 243], "summary": {"covered_lines": 69, "num_statements": 69, "percent_covered": 100.0, "percent_covered_display": "100", "missing_lines": 0, "excluded_lines": 0}, "missing_lines": [], "excluded_lines": []}}, "classes": {"Panel": {"executed_lines": [], "summary": {"covered_lines": 0, "num_statements": 5, "percent_covered": 0.0, "percent_covered_display": "0", "missing_lines": 5, "excluded_lines": 0}, "missing_lines": [53, 57, 61, 65, 69], "excluded_lines": []}, "PanelResponse": {"executed_lines": [], "summary": {"covered_lines": 0, "num_statements": 3, "percent_covered": 0.0, "percent_covered_display": "0", "missing_lines": 3, "excluded_lines": 0}, "missing_lines": [119, 123, 127], "excluded_lines": []}, "PanelConsensus": {"executed_lines": [], "summary": {"covered_lines": 0, "num_statements": 4, "percent_covered": 0.0, "percent_covered_display": "0", "missing_lines": 4, "excluded_lines": 0}, "missing_lines": [173, 177, 181, 185], "excluded_lines": []}, "PanelAggregate": {"executed_lines": [], "summary": {"covered_lines": 0, "num_statements": 16, "percent_covered": 0.0, "percent_covered_display": "0", "missing_lines": 16, "excluded_lines": 0}, "missing_lines": [212, 213, 214, 218, 219, 220, 224, 228, 229, 230, 231, 235, 236, 237, 241, 245], "excluded_lines": []}, "": {"executed_lines": [1, 8, 9, 10, 11, 13, 16, 17, 18, 37, 38, 39, 40, 41, 42, 43, 44, 45, 46, 47, 48, 49, 51, 55, 59, 63, 67, 86, 87, 88, 105, 106, 107, 108, 109, 110, 111, 112, 113, 114, 115, 117, 121, 125, 142, 143, 144, 160, 161, 162, 163, 164, 165, 166, 167, 168, 169, 171, 175, 179, 183, 199, 200, 201, 206, 207, 208, 210, 216, 222, 226, 233, 239, 243], "summary": {"covered_lines": 69, "num_statements": 69, "percent_covered": 100.0, "percent_covered_display": "100", "missing_lines": 0, "excluded_lines": 0}, "missing_lines": [], "excluded_lines": []}}}, "src/domain/panel_types.py": {"executed_lines": [1, 8, 9, 12, 13, 17, 18, 19, 20, 21, 22, 25, 26, 30, 31, 32, 33, 36, 37, 41, 42, 43, 44, 47, 48, 51, 52, 53, 54, 57, 58, 61, 62, 63, 66, 67, 70, 71, 72, 73, 76, 77, 80, 81, 82, 86, 87, 88], "summary": {"covered_lines": 40, "num_statements": 40, "percent_covered": 100.0, "percent_covered_display": "100", "missing_lines": 0, "excluded_lines": 0}, "missing_lines": [], "excluded_lines": [], "functions": {"": {"executed_lines": [1, 8, 9, 12, 13, 17, 18, 19, 20, 21, 22, 25, 26, 30, 31, 32, 33, 36, 37, 41, 42, 43, 44, 47, 48, 51, 52, 53, 54, 57, 58, 61, 62, 63, 66, 67, 70, 71, 72, 73, 76, 77, 80, 81, 82, 86, 87, 88], "summary": {"covered_lines": 40, "num_statements": 40, "percent_covered": 100.0, "percent_covered_display": "100", "missing_lines": 0, "excluded_lines": 0}, "missing_lines": [], "excluded_lines": []}}, "classes": {"PanelType": {"executed_lines": [], "summary": {"covered_lines": 0, "num_statements": 0, "percent_covered": 100.0, "percent_covered_display": "100", "missing_lines": 0, "excluded_lines": 0}, "missing_lines": [], "excluded_lines": []}, "PanelStatus": {"executed_lines": [], "summary": {"covered_lines": 0, "num_statements": 0, "percent_covered": 100.0, "percent_covered_display": "100", "missing_lines": 0, "excluded_lines": 0}, "missing_lines": [], "excluded_lines": []}, "ResponseType": {"executed_lines": [], "summary": {"covered_lines": 0, "num_statements": 0, "percent_covered": 100.0, "percent_covered_display": "100", "missing_lines": 0, "excluded_lines": 0}, "missing_lines": [], "excluded_lines": []}, "TenantStatus": {"executed_lines": [], "summary": {"covered_lines": 0, "num_statements": 0, "percent_covered": 100.0, "percent_covered_display": "100", "missing_lines": 0, "excluded_lines": 0}, "missing_lines": [], "excluded_lines": []}, "SubscriptionTier": {"executed_lines": [], "summary": {"covered_lines": 0, "num_statements": 0, "percent_covered": 100.0, "percent_covered_display": "100", "missing_lines": 0, "excluded_lines": 0}, "missing_lines": [], "excluded_lines": []}, "UserRole": {"executed_lines": [], "summary": {"covered_lines": 0, "num_statements": 0, "percent_covered": 100.0, "percent_covered_display": "100", "missing_lines": 0, "excluded_lines": 0}, "missing_lines": [], "excluded_lines": []}, "UserStatus": {"executed_lines": [], "summary": {"covered_lines": 0, "num_statements": 0, "percent_covered": 100.0, "percent_covered_display": "100", "missing_lines": 0, "excluded_lines": 0}, "missing_lines": [], "excluded_lines": []}, "": {"executed_lines": [1, 8, 9, 12, 13, 17, 18, 19, 20, 21, 22, 25, 26, 30, 31, 32, 33, 36, 37, 41, 42, 43, 44, 47, 48, 51, 52, 53, 54, 57, 58, 61, 62, 63, 66, 67, 70, 71, 72, 73, 76, 77, 80, 81, 82, 86, 87, 88], "summary": {"covered_lines": 40, "num_statements": 40, "percent_covered": 100.0, "percent_covered_display": "100", "missing_lines": 0, "excluded_lines": 0}, "missing_lines": [], "excluded_lines": []}}}, "src/langgraph_workflows/__init__.py": {"executed_lines": [1, 19, 28, 34, 40, 49, 53, 83], "summary": {"covered_lines": 7, "num_statements": 7, "percent_covered": 100.0, "percent_covered_display": "100", "missing_lines": 0, "excluded_lines": 0}, "missing_lines": [], "excluded_lines": [], "functions": {"": {"executed_lines": [1, 19, 28, 34, 40, 49, 53, 83], "summary": {"covered_lines": 7, "num_statements": 7, "percent_covered": 100.0, "percent_covered_display": "100", "missing_lines": 0, "excluded_lines": 0}, "missing_lines": [], "excluded_lines": []}}, "classes": {"": {"executed_lines": [1, 19, 28, 34, 40, 49, 53, 83], "summary": {"covered_lines": 7, "num_statements": 7, "percent_covered": 100.0, "percent_covered_display": "100", "missing_lines": 0, "excluded_lines": 0}, "missing_lines": [], "excluded_lines": []}}}, "src/langgraph_workflows/base_workflow.py": {"executed_lines": [1, 19, 20, 21, 22, 23, 24, 27, 28, 31, 38, 39, 40, 42, 45, 46, 71, 102, 103, 124, 159, 292, 318, 369, 408, 421, 440, 454, 463, 497], "summary": {"covered_lines": 28, "num_statements": 132, "percent_covered": 21.21212121212121, "percent_covered_display": "21", "missing_lines": 104, "excluded_lines": 0}, "missing_lines": [85, 86, 87, 90, 91, 94, 95, 98, 99, 100, 122, 130, 132, 135, 136, 138, 142, 144, 151, 152, 157, 196, 197, 200, 203, 214, 217, 219, 221, 222, 230, 231, 232, 238, 247, 254, 255, 257, 266, 268, 269, 271, 281, 300, 302, 303, 304, 310, 312, 335, 336, 338, 339, 340, 343, 345, 346, 348, 354, 363, 365, 366, 367, 375, 377, 378, 380, 387, 388, 390, 392, 399, 415, 416, 418, 419, 428, 429, 431, 432, 434, 442, 456, 477, 478, 479, 480, 481, 482, 483, 488, 494, 515, 516, 517, 520, 523, 524, 525, 526, 533, 536, 538, 540], "excluded_lines": [], "functions": {"BaseWorkflow.__init__": {"executed_lines": [], "summary": {"covered_lines": 0, "num_statements": 10, "percent_covered": 0.0, "percent_covered_display": "0", "missing_lines": 10, "excluded_lines": 0}, "missing_lines": [85, 86, 87, 90, 91, 94, 95, 98, 99, 100], "excluded_lines": []}, "BaseWorkflow.build_graph": {"executed_lines": [], "summary": {"covered_lines": 0, "num_statements": 1, "percent_covered": 0.0, "percent_covered_display": "0", "missing_lines": 1, "excluded_lines": 0}, "missing_lines": [122], "excluded_lines": []}, "BaseWorkflow.initialize": {"executed_lines": [], "summary": {"covered_lines": 0, "num_statements": 10, "percent_covered": 0.0, "percent_covered_display": "0", "missing_lines": 10, "excluded_lines": 0}, "missing_lines": [130, 132, 135, 136, 138, 142, 144, 151, 152, 157], "excluded_lines": []}, "BaseWorkflow.execute": {"executed_lines": [], "summary": {"covered_lines": 0, "num_statements": 22, "percent_covered": 0.0, "percent_covered_display": "0", "missing_lines": 22, "excluded_lines": 0}, "missing_lines": [196, 197, 200, 203, 214, 217, 219, 221, 222, 230, 231, 232, 238, 247, 254, 255, 257, 266, 268, 269, 271, 281], "excluded_lines": []}, "BaseWorkflow.validate_tenant_node": {"executed_lines": [], "summary": {"covered_lines": 0, "num_statements": 6, "percent_covered": 0.0, "percent_covered_display": "0", "missing_lines": 6, "excluded_lines": 0}, "missing_lines": [300, 302, 303, 304, 310, 312], "excluded_lines": []}, "BaseWorkflow.cache_check_node": {"executed_lines": [], "summary": {"covered_lines": 0, "num_statements": 14, "percent_covered": 0.0, "percent_covered_display": "0", "missing_lines": 14, "excluded_lines": 0}, "missing_lines": [335, 336, 338, 339, 340, 343, 345, 346, 348, 354, 363, 365, 366, 367], "excluded_lines": []}, "BaseWorkflow.error_handler_node": {"executed_lines": [], "summary": {"covered_lines": 0, "num_statements": 9, "percent_covered": 0.0, "percent_covered_display": "0", "missing_lines": 9, "excluded_lines": 0}, "missing_lines": [375, 377, 378, 380, 387, 388, 390, 392, 399], "excluded_lines": []}, "BaseWorkflow.should_use_cache": {"executed_lines": [], "summary": {"covered_lines": 0, "num_statements": 4, "percent_covered": 0.0, "percent_covered_display": "0", "missing_lines": 4, "excluded_lines": 0}, "missing_lines": [415, 416, 418, 419], "excluded_lines": []}, "BaseWorkflow.should_retry": {"executed_lines": [], "summary": {"covered_lines": 0, "num_statements": 5, "percent_covered": 0.0, "percent_covered_display": "0", "missing_lines": 5, "excluded_lines": 0}, "missing_lines": [428, 429, 431, 432, 434], "excluded_lines": []}, "BaseWorkflow.get_metrics": {"executed_lines": [], "summary": {"covered_lines": 0, "num_statements": 1, "percent_covered": 0.0, "percent_covered_display": "0", "missing_lines": 1, "excluded_lines": 0}, "missing_lines": [442], "excluded_lines": []}, "BaseWorkflow.cleanup": {"executed_lines": [], "summary": {"covered_lines": 0, "num_statements": 1, "percent_covered": 0.0, "percent_covered_display": "0", "missing_lines": 1, "excluded_lines": 0}, "missing_lines": [456], "excluded_lines": []}, "create_node_with_error_handling": {"executed_lines": [], "summary": {"covered_lines": 0, "num_statements": 2, "percent_covered": 0.0, "percent_covered_display": "0", "missing_lines": 2, "excluded_lines": 0}, "missing_lines": [477, 494], "excluded_lines": []}, "create_node_with_error_handling.wrapped_node": {"executed_lines": [], "summary": {"covered_lines": 0, "num_statements": 7, "percent_covered": 0.0, "percent_covered_display": "0", "missing_lines": 7, "excluded_lines": 0}, "missing_lines": [478, 479, 480, 481, 482, 483, 488], "excluded_lines": []}, "create_caching_wrapper": {"executed_lines": [], "summary": {"covered_lines": 0, "num_statements": 2, "percent_covered": 0.0, "percent_covered_display": "0", "missing_lines": 2, "excluded_lines": 0}, "missing_lines": [515, 540], "excluded_lines": []}, "create_caching_wrapper.wrapped_node": {"executed_lines": [], "summary": {"covered_lines": 0, "num_statements": 10, "percent_covered": 0.0, "percent_covered_display": "0", "missing_lines": 10, "excluded_lines": 0}, "missing_lines": [516, 517, 520, 523, 524, 525, 526, 533, 536, 538], "excluded_lines": []}, "": {"executed_lines": [1, 19, 20, 21, 22, 23, 24, 27, 28, 31, 38, 39, 40, 42, 45, 46, 71, 102, 103, 124, 159, 292, 318, 369, 408, 421, 440, 454, 463, 497], "summary": {"covered_lines": 28, "num_statements": 28, "percent_covered": 100.0, "percent_covered_display": "100", "missing_lines": 0, "excluded_lines": 0}, "missing_lines": [], "excluded_lines": []}}, "classes": {"BaseWorkflow": {"executed_lines": [], "summary": {"covered_lines": 0, "num_statements": 83, "percent_covered": 0.0, "percent_covered_display": "0", "missing_lines": 83, "excluded_lines": 0}, "missing_lines": [85, 86, 87, 90, 91, 94, 95, 98, 99, 100, 122, 130, 132, 135, 136, 138, 142, 144, 151, 152, 157, 196, 197, 200, 203, 214, 217, 219, 221, 222, 230, 231, 232, 238, 247, 254, 255, 257, 266, 268, 269, 271, 281, 300, 302, 303, 304, 310, 312, 335, 336, 338, 339, 340, 343, 345, 346, 348, 354, 363, 365, 366, 367, 375, 377, 378, 380, 387, 388, 390, 392, 399, 415, 416, 418, 419, 428, 429, 431, 432, 434, 442, 456], "excluded_lines": []}, "": {"executed_lines": [1, 19, 20, 21, 22, 23, 24, 27, 28, 31, 38, 39, 40, 42, 45, 46, 71, 102, 103, 124, 159, 292, 318, 369, 408, 421, 440, 454, 463, 497], "summary": {"covered_lines": 28, "num_statements": 49, "percent_covered": 57.142857142857146, "percent_covered_display": "57", "missing_lines": 21, "excluded_lines": 0}, "missing_lines": [477, 478, 479, 480, 481, 482, 483, 488, 494, 515, 516, 517, 520, 523, 524, 525, 526, 533, 536, 538, 540], "excluded_lines": []}}}, "src/langgraph_workflows/checkpoint_manager.py": {"executed_lines": [1, 17, 18, 19, 20, 21, 22, 25, 26, 27, 28, 29, 38, 40, 43, 44, 73, 102, 109, 145, 155, 162, 167, 194, 235, 276, 305, 330, 347, 366, 391, 394, 424], "summary": {"covered_lines": 31, "num_statements": 134, "percent_covered": 23.134328358208954, "percent_covered_display": "23", "missing_lines": 103, "excluded_lines": 0}, "missing_lines": [30, 31, 32, 33, 34, 35, 36, 89, 90, 91, 92, 93, 96, 97, 100, 105, 106, 107, 115, 116, 117, 119, 120, 121, 122, 123, 124, 125, 127, 130, 131, 133, 139, 140, 142, 143, 148, 151, 153, 159, 160, 164, 165, 187, 188, 192, 210, 211, 214, 215, 216, 217, 221, 227, 228, 252, 253, 259, 266, 268, 269, 274, 290, 291, 298, 299, 312, 313, 314, 316, 325, 327, 328, 332, 333, 335, 338, 340, 341, 342, 343, 344, 354, 355, 362, 363, 364, 368, 370, 371, 372, 373, 374, 375, 378, 379, 381, 383, 384, 414, 419, 421, 426], "excluded_lines": [], "functions": {"CheckpointManager.__init__": {"executed_lines": [], "summary": {"covered_lines": 0, "num_statements": 8, "percent_covered": 0.0, "percent_covered_display": "0", "missing_lines": 8, "excluded_lines": 0}, "missing_lines": [89, 90, 91, 92, 93, 96, 97, 100], "excluded_lines": []}, "CheckpointManager._get_default_db_path": {"executed_lines": [], "summary": {"covered_lines": 0, "num_statements": 3, "percent_covered": 0.0, "percent_covered_display": "0", "missing_lines": 3, "excluded_lines": 0}, "missing_lines": [105, 106, 107], "excluded_lines": []}, "CheckpointManager.initialize": {"executed_lines": [], "summary": {"covered_lines": 0, "num_statements": 18, "percent_covered": 0.0, "percent_covered_display": "0", "missing_lines": 18, "excluded_lines": 0}, "missing_lines": [115, 116, 117, 119, 120, 121, 122, 123, 124, 125, 127, 130, 131, 133, 139, 140, 142, 143], "excluded_lines": []}, "CheckpointManager._initialize_sqlite": {"executed_lines": [], "summary": {"covered_lines": 0, "num_statements": 3, "percent_covered": 0.0, "percent_covered_display": "0", "missing_lines": 3, "excluded_lines": 0}, "missing_lines": [148, 151, 153], "excluded_lines": []}, "CheckpointManager._initialize_postgres": {"executed_lines": [], "summary": {"covered_lines": 0, "num_statements": 2, "percent_covered": 0.0, "percent_covered_display": "0", "missing_lines": 2, "excluded_lines": 0}, "missing_lines": [159, 160], "excluded_lines": []}, "CheckpointManager._initialize_memory": {"executed_lines": [], "summary": {"covered_lines": 0, "num_statements": 2, "percent_covered": 0.0, "percent_covered_display": "0", "missing_lines": 2, "excluded_lines": 0}, "missing_lines": [164, 165], "excluded_lines": []}, "CheckpointManager.get_checkpointer": {"executed_lines": [], "summary": {"covered_lines": 0, "num_statements": 3, "percent_covered": 0.0, "percent_covered_display": "0", "missing_lines": 3, "excluded_lines": 0}, "missing_lines": [187, 188, 192], "excluded_lines": []}, "CheckpointManager.save_checkpoint": {"executed_lines": [], "summary": {"covered_lines": 0, "num_statements": 9, "percent_covered": 0.0, "percent_covered_display": "0", "missing_lines": 9, "excluded_lines": 0}, "missing_lines": [210, 211, 214, 215, 216, 217, 221, 227, 228], "excluded_lines": []}, "CheckpointManager.list_checkpoints": {"executed_lines": [], "summary": {"covered_lines": 0, "num_statements": 7, "percent_covered": 0.0, "percent_covered_display": "0", "missing_lines": 7, "excluded_lines": 0}, "missing_lines": [252, 253, 259, 266, 268, 269, 274], "excluded_lines": []}, "CheckpointManager.delete_checkpoint": {"executed_lines": [], "summary": {"covered_lines": 0, "num_statements": 4, "percent_covered": 0.0, "percent_covered_display": "0", "missing_lines": 4, "excluded_lines": 0}, "missing_lines": [290, 291, 298, 299], "excluded_lines": []}, "CheckpointManager.cleanup_old_checkpoints": {"executed_lines": [], "summary": {"covered_lines": 0, "num_statements": 7, "percent_covered": 0.0, "percent_covered_display": "0", "missing_lines": 7, "excluded_lines": 0}, "missing_lines": [312, 313, 314, 316, 325, 327, 328], "excluded_lines": []}, "CheckpointManager._cleanup_loop": {"executed_lines": [], "summary": {"covered_lines": 0, "num_statements": 9, "percent_covered": 0.0, "percent_covered_display": "0", "missing_lines": 9, "excluded_lines": 0}, "missing_lines": [332, 333, 335, 338, 340, 341, 342, 343, 344], "excluded_lines": []}, "CheckpointManager.get_stats": {"executed_lines": [], "summary": {"covered_lines": 0, "num_statements": 5, "percent_covered": 0.0, "percent_covered_display": "0", "missing_lines": 5, "excluded_lines": 0}, "missing_lines": [354, 355, 362, 363, 364], "excluded_lines": []}, "CheckpointManager.cleanup": {"executed_lines": [], "summary": {"covered_lines": 0, "num_statements": 12, "percent_covered": 0.0, "percent_covered_display": "0", "missing_lines": 12, "excluded_lines": 0}, "missing_lines": [368, 370, 371, 372, 373, 374, 375, 378, 379, 381, 383, 384], "excluded_lines": []}, "initialize_checkpoint_manager": {"executed_lines": [], "summary": {"covered_lines": 0, "num_statements": 3, "percent_covered": 0.0, "percent_covered_display": "0", "missing_lines": 3, "excluded_lines": 0}, "missing_lines": [414, 419, 421], "excluded_lines": []}, "get_checkpoint_manager": {"executed_lines": [], "summary": {"covered_lines": 0, "num_statements": 1, "percent_covered": 0.0, "percent_covered_display": "0", "missing_lines": 1, "excluded_lines": 0}, "missing_lines": [426], "excluded_lines": []}, "": {"executed_lines": [1, 17, 18, 19, 20, 21, 22, 25, 26, 27, 28, 29, 38, 40, 43, 44, 73, 102, 109, 145, 155, 162, 167, 194, 235, 276, 305, 330, 347, 366, 391, 394, 424], "summary": {"covered_lines": 31, "num_statements": 38, "percent_covered": 81.57894736842105, "percent_covered_display": "82", "missing_lines": 7, "excluded_lines": 0}, "missing_lines": [30, 31, 32, 33, 34, 35, 36], "excluded_lines": []}}, "classes": {"CheckpointManager": {"executed_lines": [], "summary": {"covered_lines": 0, "num_statements": 92, "percent_covered": 0.0, "percent_covered_display": "0", "missing_lines": 92, "excluded_lines": 0}, "missing_lines": [89, 90, 91, 92, 93, 96, 97, 100, 105, 106, 107, 115, 116, 117, 119, 120, 121, 122, 123, 124, 125, 127, 130, 131, 133, 139, 140, 142, 143, 148, 151, 153, 159, 160, 164, 165, 187, 188, 192, 210, 211, 214, 215, 216, 217, 221, 227, 228, 252, 253, 259, 266, 268, 269, 274, 290, 291, 298, 299, 312, 313, 314, 316, 325, 327, 328, 332, 333, 335, 338, 340, 341, 342, 343, 344, 354, 355, 362, 363, 364, 368, 370, 371, 372, 373, 374, 375, 378, 379, 381, 383, 384], "excluded_lines": []}, "": {"executed_lines": [1, 17, 18, 19, 20, 21, 22, 25, 26, 27, 28, 29, 38, 40, 43, 44, 73, 102, 109, 145, 155, 162, 167, 194, 235, 276, 305, 330, 347, 366, 391, 394, 424], "summary": {"covered_lines": 31, "num_statements": 42, "percent_covered": 73.80952380952381, "percent_covered_display": "74", "missing_lines": 11, "excluded_lines": 0}, "missing_lines": [30, 31, 32, 33, 34, 35, 36, 414, 419, 421, 426], "excluded_lines": []}}}, "src/langgraph_workflows/enrichment_nodes.py": {"executed_lines": [1, 25, 26, 27, 28, 29, 31, 32, 33, 34, 35, 37, 40, 41, 52, 79, 80, 163, 164, 260, 261, 314, 315, 406, 407], "summary": {"covered_lines": 23, "num_statements": 124, "percent_covered": 18.548387096774192, "percent_covered_display": "19", "missing_lines": 101, "excluded_lines": 0}, "missing_lines": [66, 67, 68, 73, 99, 100, 101, 102, 103, 105, 106, 107, 112, 113, 115, 116, 117, 118, 121, 129, 130, 137, 143, 150, 151, 152, 185, 186, 187, 188, 189, 190, 192, 193, 194, 199, 200, 201, 203, 206, 207, 217, 224, 225, 235, 241, 247, 248, 249, 277, 278, 280, 282, 286, 288, 294, 301, 302, 303, 332, 333, 334, 335, 336, 337, 340, 341, 342, 
[...]
excluded_lines": []}, "RAGMultiDomainTool": {"executed_lines": [], "summary": {"covered_lines": 0, "num_statements": 44, "percent_covered": 0.0, "percent_covered_display": "0", "missing_lines": 44, "excluded_lines": 0}, "missing_lines": [208, 209, 210, 214, 218, 227, 231, 233, 234, 235, 237, 238, 240, 241, 242, 248, 255, 256, 257, 264, 265, 266, 269, 272, 274, 281, 300, 301, 302, 310, 311, 313, 316, 317, 318, 319, 320, 321, 323, 324, 325, 326, 327, 329], "excluded_lines": []}, "": {"executed_lines": [1, 25, 26, 27, 29, 30, 32, 35, 36, 48, 59, 60, 63, 64, 73, 74, 77, 168, 200, 201, 207, 212, 213, 216, 217, 225, 226, 229, 308], "summary": {"covered_lines": 26, "num_statements": 26, "percent_covered": 100.0, "percent_covered_display": "100", "missing_lines": 0, "excluded_lines": 0}, "missing_lines": [], "excluded_lines": []}}}, "src/tools/web_tools.py": {"executed_lines": [1, 6, 7, 8, 9, 10, 11, 12, 13, 15, 17, 18, 21, 22, 28, 32, 143, 144, 155, 159, 298, 316, 334, 348, 367, 387], "summary": {"covered_lines": 23, "num_statements": 119, "percent_covered": 19.327731092436974, "percent_covered_display": "19", "missing_lines": 96, "excluded_lines": 0}, "missing_lines": [29, 30, 53, 54, 55, 62, 64, 73, 74, 75, 76, 79, 80, 85, 86, 87, 92, 99, 102, 103, 104, 112, 118, 125, 126, 127, 133, 134, 135, 156, 157, 180, 182, 183, 184, 190, 195, 196, 202, 203, 209, 210, 211, 216, 219, 222, 225, 228, 230, 231, 232, 234, 237, 238, 241, 242, 245, 248, 249, 250, 251, 252, 253, 256, 257, 258, 259, 260, 261, 264, 266, 274, 285, 286, 287, 291, 292, 293, 300, 303, 304, 305, 306, 307, 310, 311, 312, 314, 319, 322, 325, 327, 344, 345, 359, 360], "excluded_lines": [], "functions": {"WebSearchTool.__init__": {"executed_lines": [], "summary": {"covered_lines": 0, "num_statements": 2, "percent_covered": 0.0, "percent_covered_display": "0", "missing_lines": 2, "excluded_lines": 0}, "missing_lines": [29, 30], "excluded_lines": []}, "WebSearchTool.search": {"executed_lines": [], "summary": {"covered_lines": 0, "num_statements": 27, "percent_covered": 0.0, "percent_covered_display": "0", "missing_lines": 27, "excluded_lines": 0}, "missing_lines": [53, 54, 55, 62, 64, 73, 74, 75, 76, 79, 80, 85, 86, 87, 92, 99, 102, 103, 104, 112, 118, 125, 126, 127, 133, 134, 135], "excluded_lines": []}, "WebScraperTool.__init__": {"executed_lines": [], "summary": {"covered_lines": 0, "num_statements": 2, "percent_covered": 0.0, "percent_covered_display": "0", "missing_lines": 2, "excluded_lines": 0}, "missing_lines": [156, 157], "excluded_lines": []}, "WebScraperTool.scrape": {"executed_lines": [], "summary": {"covered_lines": 0, "num_statements": 47, "percent_covered": 0.0, "percent_covered_display": "0", "missing_lines": 47, "excluded_lines": 0}, "missing_lines": [180, 182, 183, 184, 190, 195, 196, 202, 203, 209, 210, 211, 216, 219, 222, 225, 228, 230, 231, 232, 234, 237, 238, 241, 242, 245, 248, 249, 250, 251, 252, 253, 256, 257, 258, 259, 260, 261, 264, 266, 274, 285, 286, 287, 291, 292, 293], "excluded_lines": []}, "WebScraperTool._extract_metadata": {"executed_lines": [], "summary": {"covered_lines": 0, "num_statements": 10, "percent_covered": 0.0, "percent_covered_display": "0", "missing_lines": 10, "excluded_lines": 0}, "missing_lines": [300, 303, 304, 305, 306, 307, 310, 311, 312, 314], "excluded_lines": []}, "WebScraperTool._clean_text": {"executed_lines": [], "summary": {"covered_lines": 0, "num_statements": 4, "percent_covered": 0.0, "percent_covered_display": "0", "missing_lines": 4, "excluded_lines": 0}, "missing_lines": [319, 322, 325, 327], "excluded_lines": []}, "web_search": {"executed_lines": [], "summary": {"covered_lines": 0, "num_statements": 2, "percent_covered": 0.0, "percent_covered_display": "0", "missing_lines": 2, "excluded_lines": 0}, "missing_lines": [344, 345], "excluded_lines": []}, "web_scraper": {"executed_lines": [], "summary": {"covered_lines": 0, "num_statements": 2, "percent_covered": 0.0, "percent_covered_display": "0", "missing_lines": 2, "excluded_lines": 0}, "missing_lines": [359, 360], "excluded_lines": []}, "": {"executed_lines": [1, 6, 7, 8, 9, 10, 11, 12, 13, 15, 17, 18, 21, 22, 28, 32, 143, 144, 155, 159, 298, 316, 334, 348, 367, 387], "summary": {"covered_lines": 23, "num_statements": 23, "percent_covered": 100.0, "percent_covered_display": "100", "missing_lines": 0, "excluded_lines": 0}, "missing_lines": [], "excluded_lines": []}}, "classes": {"WebSearchTool": {"executed_lines": [], "summary": {"covered_lines": 0, "num_statements": 29, "percent_covered": 0.0, "percent_covered_display": "0", "missing_lines": 29, "excluded_lines": 0}, "missing_lines": [29, 30, 53, 54, 55, 62, 64, 73, 74, 75, 76, 79, 80, 85, 86, 87, 92, 99, 102, 103, 104, 112, 118, 125, 126, 127, 133, 134, 135], "excluded_lines": []}, "WebScraperTool": {"executed_lines": [], "summary": {"covered_lines": 0, "num_statements": 63, "percent_covered": 0.0, "percent_covered_display": "0", "missing_lines": 63, "excluded_lines": 0}, "missing_lines": [156, 157, 180, 182, 183, 184, 190, 195, 196, 202, 203, 209, 210, 211, 216, 219, 222, 225, 228, 230, 231, 232, 234, 237, 238, 241, 242, 245, 248, 249, 250, 251, 252, 253, 256, 257, 258, 259, 260, 261, 264, 266, 274, 285, 286, 287, 291, 292, 293, 300, 303, 304, 305, 306, 307, 310, 311, 312, 314, 319, 322, 325, 327], "excluded_lines": []}, "": {"executed_lines": [1, 6, 7, 8, 9, 10, 11, 12, 13, 15, 17, 18, 21, 22, 28, 32, 143, 144, 155, 159, 298, 316, 334, 348, 367, 387], "summary": {"covered_lines": 23, "num_statements": 27, "percent_covered": 85.18518518518519, "percent_covered_display": "85", "missing_lines": 4, "excluded_lines": 0}, "missing_lines": [344, 345, 359, 360], "excluded_lines": []}}}, "src/vital_shared_kernel/__init__.py": {"executed_lines": [6, 18], "summary": {"covered_lines": 2, "num_statements": 2, "percent_covered": 100.0, "percent_covered_display": "100", "missing_lines": 0, "excluded_lines": 0}, "missing_lines": [], "excluded_lines": [], "functions": {"": {"executed_lines": [6, 18], "summary": {"covered_lines": 2, "num_statements": 2, "percent_covered": 100.0, "percent_covered_display": "100", "missing_lines": 0, "excluded_lines": 0}, "missing_lines": [], "excluded_lines": []}}, "classes": {"": {"executed_lines": [6, 18], "summary": {"covered_lines": 2, "num_statements": 2, "percent_covered": 100.0, "percent_covered_display": "100", "missing_lines": 0, "excluded_lines": 0}, "missing_lines": [], "excluded_lines": []}}}, "src/vital_shared_kernel/multi_tenant/__init__.py": {"executed_lines": [1, 6, 14, 15, 17], "summary": {"covered_lines": 4, "num_statements": 4, "percent_covered": 100.0, "percent_covered_display": "100", "missing_lines": 0, "excluded_lines": 0}, "missing_lines": [], "excluded_lines": [], "functions": {"": {"executed_lines": [1, 6, 14, 15, 17], "summary": {"covered_lines": 4, "num_statements": 4, "percent_covered": 100.0, "percent_covered_display": "100", "missing_lines": 0, "excluded_lines": 0}, "missing_lines": [], "excluded_lines": []}}, "classes": {"": {"executed_lines": [1, 6, 14, 15, 17], "summary": {"covered_lines": 4, "num_statements": 4, "percent_covered": 100.0, "percent_covered_display": "100", "missing_lines": 0, "excluded_lines": 0}, "missing_lines": [], "excluded_lines": []}}}, "src/vital_shared_kernel/multi_tenant/errors.py": {"executed_lines": [1, 7, 8, 11, 12, 15, 16, 19, 20, 23, 24, 27, 28, 31, 32], "summary": {"covered_lines": 7, "num_statements": 7, "percent_covered": 100.0, "percent_covered_display": "100", "missing_lines": 0, "excluded_lines": 0}, "missing_lines": [], "excluded_lines": [], "functions": {"": {"executed_lines": [1, 7, 8, 11, 12, 15, 16, 19, 20, 23, 24, 27, 28, 31, 32], "summary": {"covered_lines": 7, "num_statements": 7, "percent_covered": 100.0, "percent_covered_display": "100", "missing_lines": 0, "excluded_lines": 0}, "missing_lines": [], "excluded_lines": []}}, "classes": {"TenantError": {"executed_lines": [], "summary": {"covered_lines": 0, "num_statements": 0, "percent_covered": 100.0, "percent_covered_display": "100", "missing_lines": 0, "excluded_lines": 0}, "missing_lines": [], "excluded_lines": []}, "TenantContextNotSetError": {"executed_lines": [], "summary": {"covered_lines": 0, "num_statements": 0, "percent_covered": 100.0, "percent_covered_display": "100", "missing_lines": 0, "excluded_lines": 0}, "missing_lines": [], "excluded_lines": []}, "InvalidTenantIdError": {"executed_lines": [], "summary": {"covered_lines": 0, "num_statements": 0, "percent_covered": 100.0, "percent_covered_display": "100", "missing_lines": 0, "excluded_lines": 0}, "missing_lines": [], "excluded_lines": []}, "TenantMismatchError": {"executed_lines": [], "summary": {"covered_lines": 0, "num_statements": 0, "percent_covered": 100.0, "percent_covered_display": "100", "missing_lines": 0, "excluded_lines": 0}, "missing_lines": [], "excluded_lines": []}, "TenantNotFoundError": {"executed_lines": [], "summary": {"covered_lines": 0, "num_statements": 0, "percent_covered": 100.0, "percent_covered_display": "100", "missing_lines": 0, "excluded_lines": 0}, "missing_lines": [], "excluded_lines": []}, "UnauthorizedTenantAccessError": {"executed_lines": [], "summary": {"covered_lines": 0, "num_statements": 0, "percent_covered": 100.0, "percent_covered_display": "100", "missing_lines": 0, "excluded_lines": 0}, "missing_lines": [], "excluded_lines": []}, "TenantValidationError": {"executed_lines": [], "summary": {"covered_lines": 0, "num_statements": 0, "percent_covered": 100.0, "percent_covered_display": "100", "missing_lines": 0, "excluded_lines": 0}, "missing_lines": [], "excluded_lines": []}, "": {"executed_lines": [1, 7, 8, 11, 12, 15, 16, 19, 20, 23, 24, 27, 28, 31, 32], "summary": {"covered_lines": 7, "num_statements": 7, "percent_covered": 100.0, "percent_covered_display": "100", "missing_lines": 0, "excluded_lines": 0}, "missing_lines": [], "excluded_lines": []}}}, "src/vital_shared_kernel/multi_tenant/tenant_context.py": {"executed_lines": [1, 7, 8, 9, 11, 12, 14, 16, 22, 23, 25, 26, 30, 31, 39, 40, 43, 44, 48, 49, 52, 53], "summary": {"covered_lines": 20, "num_statements": 32, "percent_covered": 62.5, "percent_covered_display": "62", "missing_lines": 12, "excluded_lines": 0}, "missing_lines": [27, 28, 32, 33, 34, 37, 41, 45, 46, 50, 54, 55], "excluded_lines": [], "functions": {"TenantContext.set": {"executed_lines": [], "summary": {"covered_lines": 0, "num_statements": 2, "percent_covered": 0.0, "percent_covered_display": "0", "missing_lines": 2, "excluded_lines": 0}, "missing_lines": [27, 28], "excluded_lines": []}, "TenantContext.get": {"executed_lines": [], "summary": {"covered_lines": 0, "num_statements": 4, "percent_covered": 0.0, "percent_covered_display": "0", "missing_lines": 4, "excluded_lines": 0}, "missing_lines": [32, 33, 34, 37], "excluded_lines": []}, "TenantContext.get_optional": {"executed_lines": [], "summary": {"covered_lines": 0, "num_statements": 1, "percent_covered": 0.0, "percent_covered_display": "0", "missing_lines": 1, "excluded_lines": 0}, "missing_lines": [41], "excluded_lines": []}, "TenantContext.clear": {"executed_lines": [], "summary": {"covered_lines": 0, "num_statements": 2, "percent_covered": 0.0, "percent_covered_display": "0", "missing_lines": 2, "excluded_lines": 0}, "missing_lines": [45, 46], "excluded_lines": []}, "TenantContext.is_set": {"executed_lines": [], "summary": {"covered_lines": 0, "num_statements": 1, "percent_covered": 0.0, "percent_covered_display": "0", "missing_lines": 1, "excluded_lines": 0}, "missing_lines": [50], "excluded_lines": []}, "TenantContext.get_value": {"executed_lines": [], "summary": {"covered_lines": 0, "num_statements": 2, "percent_covered": 0.0, "percent_covered_display": "0", "missing_lines": 2, "excluded_lines": 0}, "missing_lines": [54, 55], "excluded_lines": []}, "": {"executed_lines": [1, 7, 8, 9, 11, 12, 14, 16, 22, 23, 25, 26, 30, 31, 39, 40, 43, 44, 48, 49, 52, 53], "summary": {"covered_lines": 20, "num_statements": 20, "percent_covered": 100.0, "percent_covered_display": "100", "missing_lines": 0, "excluded_lines": 0}, "missing_lines": [], "excluded_lines": []}}, "classes": {"TenantContext": {"executed_lines": [], "summary": {"covered_lines": 0, "num_statements": 12, "percent_covered": 0.0, "percent_covered_display": "0", "missing_lines": 12, "excluded_lines": 0}, "missing_lines": [27, 28, 32, 33, 34, 37, 41, 45, 46, 50, 54, 55], "excluded_lines": []}, "": {"executed_lines": [1, 7, 8, 9, 11, 12, 14, 16, 22, 23, 25, 26, 30, 31, 39, 40, 43, 44, 48, 49, 52, 53], "summary": {"covered_lines": 20, "num_statements": 20, "percent_covered": 100.0, "percent_covered_display": "100", "missing_lines": 0, "excluded_lines": 0}, "missing_lines": [], "excluded_lines": []}}}, "src/vital_shared_kernel/multi_tenant/tenant_id.py": {"executed_lines": [1, 9, 10, 13, 14, 17, 18, 19, 21, 23, 32, 35, 38, 43, 46, 47, 50, 51, 54, 57, 58], "summary": {"covered_lines": 18, "num_statements": 34, "percent_covered": 52.94117647058823, "percent_covered_display": "53", "missing_lines": 16, "excluded_lines": 0}, "missing_lines": [24, 25, 27, 28, 29, 30, 33, 36, 39, 40, 41, 44, 48, 52, 55, 59], "excluded_lines": [], "functions": {"TenantId.__post_init__": {"executed_lines": [], "summary": {"covered_lines": 0, "num_statements": 6, "percent_covered": 0.0, "percent_covered_display": "0", "missing_lines": 6, "excluded_lines": 0}, "missing_lines": [24, 25, 27, 28, 29, 30], "excluded_lines": []}, "TenantId.__str__": {"executed_lines": [], "summary": {"covered_lines": 0, "num_statements": 1, "percent_covered": 0.0, "percent_covered_display": "0", "missing_lines": 1, "excluded_lines": 0}, "missing_lines": [33], "excluded_lines": []}, "TenantId.__repr__": {"executed_lines": [], "summary": {"covered_lines": 0, "num_statements": 1, "percent_covered": 0.0, "percent_covered_display": "0", "missing_lines": 1, "excluded_lines": 0}, "missing_lines": [36], "excluded_lines": []}, "TenantId.__eq__": {"executed_lines": [], "summary": {"covered_lines": 0, "num_statements": 3, "percent_covered": 0.0, "percent_covered_display": "0", "missing_lines": 3, "excluded_lines": 0}, "missing_lines": [39, 40, 41], "excluded_lines": []}, "TenantId.__hash__": {"executed_lines": [], "summary": {"covered_lines": 0, "num_statements": 1, "percent_covered": 0.0, "percent_covered_display": "0", "missing_lines": 1, "excluded_lines": 0}, "missing_lines": [44], "excluded_lines": []}, "TenantId.from_string": {"executed_lines": [], "summary": {"covered_lines": 0, "num_statements": 1, "percent_covered": 0.0, "percent_covered_display": "0", "missing_lines": 1, "excluded_lines": 0}, "missing_lines": [48], "excluded_lines": []}, "TenantId.platform_tenant": {"executed_lines": [], "summary": {"covered_lines": 0, "num_statements": 1, "percent_covered": 0.0, "percent_covered_display": "0", "missing_lines": 1, "excluded_lines": 0}, "missing_lines": [52], "excluded_lines": []}, "TenantId.to_dict": {"executed_lines": [], "summary": {"covered_lines": 0, "num_statements": 1, "percent_covered": 0.0, "percent_covered_display": "0", "missing_lines": 1, "excluded_lines": 0}, "missing_lines": [55], "excluded_lines": []}, "TenantId.from_dict": {"executed_lines": [], "summary": {"covered_lines": 0, "num_statements": 1, "percent_covered": 0.0, "percent_covered_display": "0", "missing_lines": 1, "excluded_lines": 0}, "missing_lines": [59], "excluded_lines": []}, "": {"executed_lines": [1, 9, 10, 13, 14, 17, 18, 19, 21, 23, 32, 35, 38, 43, 46, 47, 50, 51, 54, 57, 58], "summary": {"covered_lines": 18, "num_statements": 18, "percent_covered": 100.0, "percent_covered_display": "100", "missing_lines": 0, "excluded_lines": 0}, "missing_lines": [], "excluded_lines": []}}, "classes": {"InvalidTenantIdError": {"executed_lines": [], "summary": {"covered_lines": 0, "num_statements": 0, "percent_covered": 100.0, "percent_covered_display": "100", "missing_lines": 0, "excluded_lines": 0}, "missing_lines": [], "excluded_lines": []}, "TenantId": {"executed_lines": [], "summary": {"covered_lines": 0, "num_statements": 16, "percent_covered": 0.0, "percent_covered_display": "0", "missing_lines": 16, "excluded_lines": 0}, "missing_lines": [24, 25, 27, 28, 29, 30, 33, 36, 39, 40, 41, 44, 48, 52, 55, 59], "excluded_lines": []}, "": {"executed_lines": [1, 9, 10, 13, 14, 17, 18, 19, 21, 23, 32, 35, 38, 43, 46, 47, 50, 51, 54, 57, 58], "summary": {"covered_lines": 18, "num_statements": 18, "percent_covered": 100.0, "percent_covered_display": "100", "missing_lines": 0, "excluded_lines": 0}, "missing_lines": [], "excluded_lines": []}}}, "src/workflows/simple_panel_workflow.py": {"executed_lines": [1, 17, 18, 19, 20, 21, 23, 24, 25, 26, 27, 29, 32, 33, 40, 61, 208, 254, 324], "summary": {"covered_lines": 17, "num_statements": 71, "percent_covered": 23.943661971830984, "percent_covered_display": "24", "missing_lines": 54, "excluded_lines": 0}, "missing_lines": [56, 57, 58, 59, 75, 77, 79, 81, 82, 83, 85, 86, 89, 95, 103, 105, 106, 109, 110, 122, 131, 138, 143, 150, 161, 162, 168, 170, 177, 186, 188, 194, 195, 199, 200, 206, 221, 223, 230, 235, 238, 243, 245, 252, 280, 283, 299, 300, 301, 302, 305, 306, 308, 342], "excluded_lines": [], "functions": {"SimplePanelWorkflow.__init__": {"executed_lines": [], "summary": {"covered_lines": 0, "num_statements": 4, "percent_covered": 0.0, "percent_covered_display": "0", "missing_lines": 4, "excluded_lines": 0}, "missing_lines": [56, 57, 58, 59], "excluded_lines": []}, "SimplePanelWorkflow.execute_panel": {"executed_lines": [], "summary": {"covered_lines": 0, "num_statements": 32, "percent_covered": 0.0, "percent_covered_display": "0", "missing_lines": 32, "excluded_lines": 0}, "missing_lines": [75, 77, 79, 81, 82, 83, 85, 86, 89, 95, 103, 105, 106, 109, 110, 122, 131, 138, 143, 150, 161, 162, 168, 170, 177, 186, 188, 194, 195, 199, 200, 206], "excluded_lines": []}, "SimplePanelWorkflow._execute_experts": {"executed_lines": [], "summary": {"covered_lines": 0, "num_statements": 8, "percent_covered": 0.0, "percent_covered_display": "0", "missing_lines": 8, "excluded_lines": 0}, "missing_lines": [221, 223, 230, 235, 238, 243, 245, 252], "excluded_lines": []}, "SimplePanelWorkflow._execute_single_expert": {"executed_lines": [], "summary": {"covered_lines": 0, "num_statements": 9, "percent_covered": 0.0, "percent_covered_display": "0", "missing_lines": 9, "excluded_lines": 0}, "missing_lines": [280, 283, 299, 300, 301, 302, 305, 306, 308], "excluded_lines": []}, "create_panel_workflow": {"executed_lines": [], "summary": {"covered_lines": 0, "num_statements": 1, "percent_covered": 0.0, "percent_covered_display": "0", "missing_lines": 1, "excluded_lines": 0}, "missing_lines": [342], "excluded_lines": []}, "": {"executed_lines": [1, 17, 18, 19, 20, 21, 23, 24, 25, 26, 27, 29, 32, 33, 40, 61, 208, 254, 324], "summary": {"covered_lines": 17, "num_statements": 17, "percent_covered": 100.0, "percent_covered_display": "100", "missing_lines": 0, "excluded_lines": 0}, "missing_lines": [], "excluded_lines": []}}, "classes": {"SimplePanelWorkflow": {"executed_lines": [], "summary": {"covered_lines": 0, "num_statements": 53, "percent_covered": 0.0, "percent_covered_display": "0", "missing_lines": 53, "excluded_lines": 0}, "missing_lines": [56, 57, 58, 59, 75, 77, 79, 81, 82, 83, 85, 86, 89, 95, 103, 105, 106, 109, 110, 122, 131, 138, 143, 150, 161, 162, 168, 170, 177, 186, 188, 194, 195, 199, 200, 206, 221, 223, 230, 235, 238, 243, 245, 252, 280, 283, 299, 300, 301, 302, 305, 306, 308], "excluded_lines": []}, "": {"executed_lines": [1, 17, 18, 19, 20, 21, 23, 24, 25, 26, 27, 29, 32, 33, 40, 61, 208, 254, 324], "summary": {"covered_lines": 17, "num_statements": 18, "percent_covered": 94.44444444444444, "percent_covered_display": "94", "missing_lines": 1, "excluded_lines": 0}, "missing_lines": [342], "excluded_lines": []}}}}, "totals": {"covered_lines": 2978, "num_statements": 14821, "percent_covered": 20.09311112610485, "percent_covered_display": "20", "missing_lines": 11843, "excluded_lines": 9}}